{"/Users/keshava-13944/ZIDE/onezoho/privacyblur/src/blur_engine.js": {"path":"/Users/keshava-13944/ZIDE/onezoho/privacyblur/src/blur_engine.js","statementMap":{"0":{"start":{"line":14,"column":26},"end":{"line":425,"column":4}},"1":{"start":{"line":18,"column":29},"end":{"line":18,"column":41}},"2":{"start":{"line":19,"column":29},"end":{"line":19,"column":45}},"3":{"start":{"line":20,"column":29},"end":{"line":20,"column":48}},"4":{"start":{"line":21,"column":29},"end":{"line":21,"column":51}},"5":{"start":{"line":24,"column":26},"end":{"line":24,"column":39}},"6":{"start":{"line":36,"column":4},"end":{"line":40,"column":5}},"7":{"start":{"line":37,"column":6},"end":{"line":39,"column":7}},"8":{"start":{"line":38,"column":8},"end":{"line":38,"column":20}},"9":{"start":{"line":41,"column":4},"end":{"line":41,"column":17}},"10":{"start":{"line":51,"column":21},"end":{"line":51,"column":54}},"11":{"start":{"line":52,"column":24},"end":{"line":52,"column":26}},"12":{"start":{"line":54,"column":4},"end":{"line":58,"column":5}},"13":{"start":{"line":55,"column":6},"end":{"line":57,"column":7}},"14":{"start":{"line":56,"column":8},"end":{"line":56,"column":31}},"15":{"start":{"line":60,"column":4},"end":{"line":60,"column":46}},"16":{"start":{"line":60,"column":34},"end":{"line":60,"column":46}},"17":{"start":{"line":62,"column":17},"end":{"line":62,"column":47}},"18":{"start":{"line":63,"column":4},"end":{"line":63,"column":43}},"19":{"start":{"line":66,"column":4},"end":{"line":68,"column":5}},"20":{"start":{"line":67,"column":6},"end":{"line":67,"column":45}},"21":{"start":{"line":71,"column":22},"end":{"line":71,"column":36}},"22":{"start":{"line":72,"column":4},"end":{"line":72,"column":42}},"23":{"start":{"line":73,"column":4},"end":{"line":78,"column":5}},"24":{"start":{"line":75,"column":6},"end":{"line":77,"column":7}},"25":{"start":{"line":76,"column":8},"end":{"line":76,"column":34}},"26":{"start":{"line":80,"column":4},"end":{"line":80,"column":16}},"27":{"start":{"line":90,"column":4},"end":{"line":92,"column":5}},"28":{"start":{"line":91,"column":6},"end":{"line":91,"column":38}},"29":{"start":{"line":94,"column":20},"end":{"line":94,"column":49}},"30":{"start":{"line":95,"column":4},"end":{"line":95,"column":41}},"31":{"start":{"line":98,"column":4},"end":{"line":98,"column":43}},"32":{"start":{"line":99,"column":4},"end":{"line":99,"column":35}},"33":{"start":{"line":100,"column":4},"end":{"line":100,"column":69}},"34":{"start":{"line":102,"column":4},"end":{"line":102,"column":60}},"35":{"start":{"line":103,"column":4},"end":{"line":103,"column":36}},"36":{"start":{"line":105,"column":4},"end":{"line":105,"column":19}},"37":{"start":{"line":113,"column":19},"end":{"line":113,"column":43}},"38":{"start":{"line":114,"column":4},"end":{"line":117,"column":5}},"39":{"start":{"line":115,"column":6},"end":{"line":115,"column":57}},"40":{"start":{"line":116,"column":6},"end":{"line":116,"column":44}},"41":{"start":{"line":128,"column":4},"end":{"line":128,"column":38}},"42":{"start":{"line":130,"column":19},"end":{"line":130,"column":51}},"43":{"start":{"line":131,"column":4},"end":{"line":131,"column":39}},"44":{"start":{"line":134,"column":17},"end":{"line":134,"column":53}},"45":{"start":{"line":135,"column":4},"end":{"line":135,"column":59}},"46":{"start":{"line":136,"column":4},"end":{"line":136,"column":60}},"47":{"start":{"line":138,"column":4},"end":{"line":146,"column":7}},"48":{"start":{"line":149,"column":24},"end":{"line":149,"column":50}},"49":{"start":{"line":150,"column":22},"end":{"line":150,"column":67}},"50":{"start":{"line":151,"column":4},"end":{"line":153,"column":5}},"51":{"start":{"line":152,"column":6},"end":{"line":152,"column":46}},"52":{"start":{"line":155,"column":4},"end":{"line":155,"column":63}},"53":{"start":{"line":157,"column":16},"end":{"line":157,"column":39}},"54":{"start":{"line":163,"column":6},"end":{"line":169,"column":7}},"55":{"start":{"line":167,"column":8},"end":{"line":167,"column":48}},"56":{"start":{"line":168,"column":8},"end":{"line":168,"column":49}},"57":{"start":{"line":171,"column":6},"end":{"line":171,"column":55}},"58":{"start":{"line":174,"column":6},"end":{"line":174,"column":39}},"59":{"start":{"line":175,"column":6},"end":{"line":182,"column":7}},"60":{"start":{"line":176,"column":8},"end":{"line":176,"column":71}},"61":{"start":{"line":180,"column":8},"end":{"line":180,"column":49}},"62":{"start":{"line":181,"column":8},"end":{"line":181,"column":56}},"63":{"start":{"line":184,"column":6},"end":{"line":184,"column":53}},"64":{"start":{"line":187,"column":4},"end":{"line":187,"column":16}},"65":{"start":{"line":189,"column":4},"end":{"line":189,"column":63}},"66":{"start":{"line":196,"column":20},"end":{"line":196,"column":53}},"67":{"start":{"line":197,"column":4},"end":{"line":197,"column":25}},"68":{"start":{"line":197,"column":18},"end":{"line":197,"column":25}},"69":{"start":{"line":199,"column":4},"end":{"line":199,"column":46}},"70":{"start":{"line":201,"column":4},"end":{"line":203,"column":5}},"71":{"start":{"line":202,"column":6},"end":{"line":202,"column":60}},"72":{"start":{"line":205,"column":4},"end":{"line":205,"column":41}},"73":{"start":{"line":218,"column":4},"end":{"line":218,"column":58}},"74":{"start":{"line":218,"column":51},"end":{"line":218,"column":58}},"75":{"start":{"line":219,"column":4},"end":{"line":219,"column":35}},"76":{"start":{"line":219,"column":28},"end":{"line":219,"column":35}},"77":{"start":{"line":221,"column":16},"end":{"line":221,"column":45}},"78":{"start":{"line":224,"column":4},"end":{"line":229,"column":5}},"79":{"start":{"line":225,"column":6},"end":{"line":225,"column":43}},"80":{"start":{"line":226,"column":6},"end":{"line":226,"column":62}},"81":{"start":{"line":227,"column":6},"end":{"line":227,"column":44}},"82":{"start":{"line":228,"column":6},"end":{"line":228,"column":13}},"83":{"start":{"line":232,"column":4},"end":{"line":237,"column":5}},"84":{"start":{"line":233,"column":6},"end":{"line":233,"column":43}},"85":{"start":{"line":234,"column":6},"end":{"line":234,"column":62}},"86":{"start":{"line":235,"column":6},"end":{"line":235,"column":49}},"87":{"start":{"line":236,"column":6},"end":{"line":236,"column":13}},"88":{"start":{"line":240,"column":20},"end":{"line":240,"column":68}},"89":{"start":{"line":241,"column":4},"end":{"line":245,"column":5}},"90":{"start":{"line":242,"column":6},"end":{"line":242,"column":43}},"91":{"start":{"line":243,"column":6},"end":{"line":243,"column":62}},"92":{"start":{"line":244,"column":6},"end":{"line":244,"column":13}},"93":{"start":{"line":248,"column":4},"end":{"line":250,"column":5}},"94":{"start":{"line":249,"column":6},"end":{"line":249,"column":29}},"95":{"start":{"line":253,"column":4},"end":{"line":253,"column":41}},"96":{"start":{"line":254,"column":4},"end":{"line":254,"column":60}},"97":{"start":{"line":262,"column":4},"end":{"line":262,"column":58}},"98":{"start":{"line":262,"column":51},"end":{"line":262,"column":58}},"99":{"start":{"line":264,"column":16},"end":{"line":264,"column":45}},"100":{"start":{"line":267,"column":4},"end":{"line":272,"column":5}},"101":{"start":{"line":268,"column":6},"end":{"line":268,"column":46}},"102":{"start":{"line":269,"column":6},"end":{"line":269,"column":50}},"103":{"start":{"line":270,"column":6},"end":{"line":270,"column":35}},"104":{"start":{"line":271,"column":6},"end":{"line":271,"column":13}},"105":{"start":{"line":275,"column":4},"end":{"line":280,"column":5}},"106":{"start":{"line":276,"column":6},"end":{"line":276,"column":46}},"107":{"start":{"line":277,"column":6},"end":{"line":277,"column":50}},"108":{"start":{"line":278,"column":6},"end":{"line":278,"column":32}},"109":{"start":{"line":279,"column":6},"end":{"line":279,"column":13}},"110":{"start":{"line":283,"column":4},"end":{"line":283,"column":44}},"111":{"start":{"line":284,"column":4},"end":{"line":284,"column":48}},"112":{"start":{"line":287,"column":25},"end":{"line":287,"column":75}},"113":{"start":{"line":288,"column":4},"end":{"line":295,"column":7}},"114":{"start":{"line":290,"column":21},"end":{"line":290,"column":39}},"115":{"start":{"line":291,"column":6},"end":{"line":293,"column":7}},"116":{"start":{"line":292,"column":8},"end":{"line":292,"column":57}},"117":{"start":{"line":294,"column":6},"end":{"line":294,"column":34}},"118":{"start":{"line":304,"column":4},"end":{"line":304,"column":58}},"119":{"start":{"line":304,"column":51},"end":{"line":304,"column":58}},"120":{"start":{"line":306,"column":4},"end":{"line":310,"column":5}},"121":{"start":{"line":307,"column":6},"end":{"line":307,"column":26}},"122":{"start":{"line":309,"column":6},"end":{"line":309,"column":33}},"123":{"start":{"line":321,"column":29},"end":{"line":329,"column":5}},"124":{"start":{"line":332,"column":4},"end":{"line":334,"column":7}},"125":{"start":{"line":333,"column":6},"end":{"line":333,"column":28}},"126":{"start":{"line":338,"column":4},"end":{"line":345,"column":7}},"127":{"start":{"line":340,"column":6},"end":{"line":340,"column":95}},"128":{"start":{"line":340,"column":88},"end":{"line":340,"column":95}},"129":{"start":{"line":342,"column":6},"end":{"line":344,"column":7}},"130":{"start":{"line":343,"column":8},"end":{"line":343,"column":30}},"131":{"start":{"line":354,"column":4},"end":{"line":356,"column":7}},"132":{"start":{"line":355,"column":6},"end":{"line":355,"column":21}},"133":{"start":{"line":359,"column":4},"end":{"line":366,"column":7}},"134":{"start":{"line":360,"column":18},"end":{"line":360,"column":46}},"135":{"start":{"line":361,"column":6},"end":{"line":365,"column":7}},"136":{"start":{"line":362,"column":8},"end":{"line":362,"column":48}},"137":{"start":{"line":363,"column":8},"end":{"line":363,"column":52}},"138":{"start":{"line":364,"column":8},"end":{"line":364,"column":30}},"139":{"start":{"line":369,"column":4},"end":{"line":371,"column":7}},"140":{"start":{"line":370,"column":6},"end":{"line":370,"column":21}},"141":{"start":{"line":374,"column":4},"end":{"line":381,"column":7}},"142":{"start":{"line":375,"column":21},"end":{"line":375,"column":39}},"143":{"start":{"line":376,"column":6},"end":{"line":376,"column":26}},"144":{"start":{"line":376,"column":19},"end":{"line":376,"column":26}},"145":{"start":{"line":377,"column":6},"end":{"line":379,"column":7}},"146":{"start":{"line":378,"column":8},"end":{"line":378,"column":57}},"147":{"start":{"line":380,"column":6},"end":{"line":380,"column":34}},"148":{"start":{"line":384,"column":4},"end":{"line":386,"column":7}},"149":{"start":{"line":385,"column":6},"end":{"line":385,"column":65}},"150":{"start":{"line":396,"column":4},"end":{"line":396,"column":64}},"151":{"start":{"line":396,"column":51},"end":{"line":396,"column":64}},"152":{"start":{"line":399,"column":4},"end":{"line":399,"column":63}},"153":{"start":{"line":399,"column":51},"end":{"line":399,"column":63}},"154":{"start":{"line":402,"column":4},"end":{"line":409,"column":5}},"155":{"start":{"line":408,"column":6},"end":{"line":408,"column":18}},"156":{"start":{"line":411,"column":4},"end":{"line":411,"column":17}},"157":{"start":{"line":417,"column":2},"end":{"line":424,"column":4}},"158":{"start":{"line":428,"column":0},"end":{"line":428,"column":45}}},"fnMap":{"0":{"name":"(anonymous_0)","decl":{"start":{"line":14,"column":27},"end":{"line":14,"column":28}},"loc":{"start":{"line":14,"column":33},"end":{"line":425,"column":1}},"line":14},"1":{"name":"hasMeaningfulTextContent","decl":{"start":{"line":35,"column":11},"end":{"line":35,"column":35}},"loc":{"start":{"line":35,"column":45},"end":{"line":42,"column":3}},"line":35},"2":{"name":"wrapTextNodes","decl":{"start":{"line":50,"column":11},"end":{"line":50,"column":24}},"loc":{"start":{"line":50,"column":34},"end":{"line":81,"column":3}},"line":50},"3":{"name":"ensureImgWrapper","decl":{"start":{"line":89,"column":11},"end":{"line":89,"column":27}},"loc":{"start":{"line":89,"column":40},"end":{"line":106,"column":3}},"line":89},"4":{"name":"removeImgWrapper","decl":{"start":{"line":112,"column":11},"end":{"line":112,"column":27}},"loc":{"start":{"line":112,"column":40},"end":{"line":118,"column":3}},"line":112},"5":{"name":"startVideoBlurCanvas","decl":{"start":{"line":126,"column":11},"end":{"line":126,"column":31}},"loc":{"start":{"line":126,"column":54},"end":{"line":190,"column":3}},"line":126},"6":{"name":"drawFrame","decl":{"start":{"line":161,"column":13},"end":{"line":161,"column":22}},"loc":{"start":{"line":161,"column":25},"end":{"line":185,"column":5}},"line":161},"7":{"name":"stopVideoBlurCanvas","decl":{"start":{"line":195,"column":11},"end":{"line":195,"column":30}},"loc":{"start":{"line":195,"column":45},"end":{"line":206,"column":3}},"line":195},"8":{"name":"applyBlur","decl":{"start":{"line":217,"column":11},"end":{"line":217,"column":20}},"loc":{"start":{"line":217,"column":42},"end":{"line":255,"column":3}},"line":217},"9":{"name":"removeBlur","decl":{"start":{"line":261,"column":11},"end":{"line":261,"column":21}},"loc":{"start":{"line":261,"column":31},"end":{"line":296,"column":3}},"line":261},"10":{"name":"(anonymous_10)","decl":{"start":{"line":288,"column":25},"end":{"line":288,"column":26}},"loc":{"start":{"line":288,"column":38},"end":{"line":295,"column":5}},"line":288},"11":{"name":"toggleBlur","decl":{"start":{"line":303,"column":11},"end":{"line":303,"column":21}},"loc":{"start":{"line":303,"column":43},"end":{"line":311,"column":3}},"line":303},"12":{"name":"blurAllContent","decl":{"start":{"line":319,"column":11},"end":{"line":319,"column":25}},"loc":{"start":{"line":319,"column":38},"end":{"line":346,"column":3}},"line":319},"13":{"name":"(anonymous_13)","decl":{"start":{"line":332,"column":66},"end":{"line":332,"column":67}},"loc":{"start":{"line":332,"column":74},"end":{"line":334,"column":5}},"line":332},"14":{"name":"(anonymous_14)","decl":{"start":{"line":338,"column":93},"end":{"line":338,"column":94}},"loc":{"start":{"line":338,"column":101},"end":{"line":345,"column":5}},"line":338},"15":{"name":"unblurAll","decl":{"start":{"line":352,"column":11},"end":{"line":352,"column":20}},"loc":{"start":{"line":352,"column":23},"end":{"line":387,"column":3}},"line":352},"16":{"name":"(anonymous_16)","decl":{"start":{"line":354,"column":64},"end":{"line":354,"column":65}},"loc":{"start":{"line":354,"column":72},"end":{"line":356,"column":5}},"line":354},"17":{"name":"(anonymous_17)","decl":{"start":{"line":359,"column":76},"end":{"line":359,"column":77}},"loc":{"start":{"line":359,"column":89},"end":{"line":366,"column":5}},"line":359},"18":{"name":"(anonymous_18)","decl":{"start":{"line":369,"column":59},"end":{"line":369,"column":60}},"loc":{"start":{"line":369,"column":67},"end":{"line":371,"column":5}},"line":369},"19":{"name":"(anonymous_19)","decl":{"start":{"line":374,"column":64},"end":{"line":374,"column":65}},"loc":{"start":{"line":374,"column":77},"end":{"line":381,"column":5}},"line":374},"20":{"name":"(anonymous_20)","decl":{"start":{"line":384,"column":58},"end":{"line":384,"column":59}},"loc":{"start":{"line":384,"column":70},"end":{"line":386,"column":5}},"line":384},"21":{"name":"isBlurred","decl":{"start":{"line":395,"column":11},"end":{"line":395,"column":20}},"loc":{"start":{"line":395,"column":30},"end":{"line":412,"column":3}},"line":395}},"branchMap":{"0":{"loc":{"start":{"line":37,"column":6},"end":{"line":39,"column":7}},"type":"if","locations":[{"start":{"line":37,"column":6},"end":{"line":39,"column":7}},{"start":{},"end":{}}],"line":37},"1":{"loc":{"start":{"line":37,"column":10},"end":{"line":37,"column":80}},"type":"binary-expr","locations":[{"start":{"line":37,"column":10},"end":{"line":37,"column":42}},{"start":{"line":37,"column":46},"end":{"line":37,"column":80}}],"line":37},"2":{"loc":{"start":{"line":55,"column":6},"end":{"line":57,"column":7}},"type":"if","locations":[{"start":{"line":55,"column":6},"end":{"line":57,"column":7}},{"start":{},"end":{}}],"line":55},"3":{"loc":{"start":{"line":55,"column":10},"end":{"line":55,"column":80}},"type":"binary-expr","locations":[{"start":{"line":55,"column":10},"end":{"line":55,"column":42}},{"start":{"line":55,"column":46},"end":{"line":55,"column":80}}],"line":55},"4":{"loc":{"start":{"line":60,"column":4},"end":{"line":60,"column":46}},"type":"if","locations":[{"start":{"line":60,"column":4},"end":{"line":60,"column":46}},{"start":{},"end":{}}],"line":60},"5":{"loc":{"start":{"line":75,"column":6},"end":{"line":77,"column":7}},"type":"if","locations":[{"start":{"line":75,"column":6},"end":{"line":77,"column":7}},{"start":{},"end":{}}],"line":75},"6":{"loc":{"start":{"line":90,"column":4},"end":{"line":92,"column":5}},"type":"if","locations":[{"start":{"line":90,"column":4},"end":{"line":92,"column":5}},{"start":{},"end":{}}],"line":90},"7":{"loc":{"start":{"line":90,"column":8},"end":{"line":90,"column":94}},"type":"binary-expr","locations":[{"start":{"line":90,"column":8},"end":{"line":90,"column":32}},{"start":{"line":90,"column":36},"end":{"line":90,"column":94}}],"line":90},"8":{"loc":{"start":{"line":100,"column":29},"end":{"line":100,"column":68}},"type":"binary-expr","locations":[{"start":{"line":100,"column":29},"end":{"line":100,"column":54}},{"start":{"line":100,"column":58},"end":{"line":100,"column":68}}],"line":100},"9":{"loc":{"start":{"line":114,"column":4},"end":{"line":117,"column":5}},"type":"if","locations":[{"start":{"line":114,"column":4},"end":{"line":117,"column":5}},{"start":{},"end":{}}],"line":114},"10":{"loc":{"start":{"line":114,"column":8},"end":{"line":114,"column":58}},"type":"binary-expr","locations":[{"start":{"line":114,"column":8},"end":{"line":114,"column":14}},{"start":{"line":114,"column":18},"end":{"line":114,"column":58}}],"line":114},"11":{"loc":{"start":{"line":135,"column":20},"end":{"line":135,"column":58}},"type":"binary-expr","locations":[{"start":{"line":135,"column":20},"end":{"line":135,"column":43}},{"start":{"line":135,"column":48},"end":{"line":135,"column":58}}],"line":135},"12":{"loc":{"start":{"line":136,"column":20},"end":{"line":136,"column":59}},"type":"binary-expr","locations":[{"start":{"line":136,"column":20},"end":{"line":136,"column":44}},{"start":{"line":136,"column":48},"end":{"line":136,"column":59}}],"line":136},"13":{"loc":{"start":{"line":151,"column":4},"end":{"line":153,"column":5}},"type":"if","locations":[{"start":{"line":151,"column":4},"end":{"line":153,"column":5}},{"start":{},"end":{}}],"line":151},"14":{"loc":{"start":{"line":163,"column":6},"end":{"line":169,"column":7}},"type":"if","locations":[{"start":{"line":163,"column":6},"end":{"line":169,"column":7}},{"start":{},"end":{}}],"line":163},"15":{"loc":{"start":{"line":164,"column":8},"end":{"line":165,"column":82}},"type":"binary-expr","locations":[{"start":{"line":164,"column":8},"end":{"line":164,"column":49}},{"start":{"line":164,"column":54},"end":{"line":164,"column":82}},{"start":{"line":165,"column":8},"end":{"line":165,"column":50}},{"start":{"line":165,"column":54},"end":{"line":165,"column":82}}],"line":164},"16":{"loc":{"start":{"line":197,"column":4},"end":{"line":197,"column":25}},"type":"if","locations":[{"start":{"line":197,"column":4},"end":{"line":197,"column":25}},{"start":{},"end":{}}],"line":197},"17":{"loc":{"start":{"line":201,"column":4},"end":{"line":203,"column":5}},"type":"if","locations":[{"start":{"line":201,"column":4},"end":{"line":203,"column":5}},{"start":{},"end":{}}],"line":201},"18":{"loc":{"start":{"line":201,"column":8},"end":{"line":201,"column":51}},"type":"binary-expr","locations":[{"start":{"line":201,"column":8},"end":{"line":201,"column":22}},{"start":{"line":201,"column":26},"end":{"line":201,"column":51}}],"line":201},"19":{"loc":{"start":{"line":217,"column":30},"end":{"line":217,"column":40}},"type":"default-arg","locations":[{"start":{"line":217,"column":39},"end":{"line":217,"column":40}}],"line":217},"20":{"loc":{"start":{"line":218,"column":4},"end":{"line":218,"column":58}},"type":"if","locations":[{"start":{"line":218,"column":4},"end":{"line":218,"column":58}},{"start":{},"end":{}}],"line":218},"21":{"loc":{"start":{"line":218,"column":8},"end":{"line":218,"column":49}},"type":"binary-expr","locations":[{"start":{"line":218,"column":8},"end":{"line":218,"column":16}},{"start":{"line":218,"column":20},"end":{"line":218,"column":49}}],"line":218},"22":{"loc":{"start":{"line":219,"column":4},"end":{"line":219,"column":35}},"type":"if","locations":[{"start":{"line":219,"column":4},"end":{"line":219,"column":35}},{"start":{},"end":{}}],"line":219},"23":{"loc":{"start":{"line":224,"column":4},"end":{"line":229,"column":5}},"type":"if","locations":[{"start":{"line":224,"column":4},"end":{"line":229,"column":5}},{"start":{},"end":{}}],"line":224},"24":{"loc":{"start":{"line":232,"column":4},"end":{"line":237,"column":5}},"type":"if","locations":[{"start":{"line":232,"column":4},"end":{"line":237,"column":5}},{"start":{},"end":{}}],"line":232},"25":{"loc":{"start":{"line":241,"column":4},"end":{"line":245,"column":5}},"type":"if","locations":[{"start":{"line":241,"column":4},"end":{"line":245,"column":5}},{"start":{},"end":{}}],"line":241},"26":{"loc":{"start":{"line":241,"column":8},"end":{"line":241,"column":73}},"type":"binary-expr","locations":[{"start":{"line":241,"column":8},"end":{"line":241,"column":15}},{"start":{"line":241,"column":19},"end":{"line":241,"column":37}},{"start":{"line":241,"column":41},"end":{"line":241,"column":55}},{"start":{"line":241,"column":59},"end":{"line":241,"column":73}}],"line":241},"27":{"loc":{"start":{"line":248,"column":4},"end":{"line":250,"column":5}},"type":"if","locations":[{"start":{"line":248,"column":4},"end":{"line":250,"column":5}},{"start":{},"end":{}}],"line":248},"28":{"loc":{"start":{"line":262,"column":4},"end":{"line":262,"column":58}},"type":"if","locations":[{"start":{"line":262,"column":4},"end":{"line":262,"column":58}},{"start":{},"end":{}}],"line":262},"29":{"loc":{"start":{"line":262,"column":8},"end":{"line":262,"column":49}},"type":"binary-expr","locations":[{"start":{"line":262,"column":8},"end":{"line":262,"column":16}},{"start":{"line":262,"column":20},"end":{"line":262,"column":49}}],"line":262},"30":{"loc":{"start":{"line":267,"column":4},"end":{"line":272,"column":5}},"type":"if","locations":[{"start":{"line":267,"column":4},"end":{"line":272,"column":5}},{"start":{},"end":{}}],"line":267},"31":{"loc":{"start":{"line":275,"column":4},"end":{"line":280,"column":5}},"type":"if","locations":[{"start":{"line":275,"column":4},"end":{"line":280,"column":5}},{"start":{},"end":{}}],"line":275},"32":{"loc":{"start":{"line":303,"column":31},"end":{"line":303,"column":41}},"type":"default-arg","locations":[{"start":{"line":303,"column":40},"end":{"line":303,"column":41}}],"line":303},"33":{"loc":{"start":{"line":304,"column":4},"end":{"line":304,"column":58}},"type":"if","locations":[{"start":{"line":304,"column":4},"end":{"line":304,"column":58}},{"start":{},"end":{}}],"line":304},"34":{"loc":{"start":{"line":304,"column":8},"end":{"line":304,"column":49}},"type":"binary-expr","locations":[{"start":{"line":304,"column":8},"end":{"line":304,"column":16}},{"start":{"line":304,"column":20},"end":{"line":304,"column":49}}],"line":304},"35":{"loc":{"start":{"line":306,"column":4},"end":{"line":310,"column":5}},"type":"if","locations":[{"start":{"line":306,"column":4},"end":{"line":310,"column":5}},{"start":{"line":308,"column":11},"end":{"line":310,"column":5}}],"line":306},"36":{"loc":{"start":{"line":319,"column":26},"end":{"line":319,"column":36}},"type":"default-arg","locations":[{"start":{"line":319,"column":35},"end":{"line":319,"column":36}}],"line":319},"37":{"loc":{"start":{"line":340,"column":6},"end":{"line":340,"column":95}},"type":"if","locations":[{"start":{"line":340,"column":6},"end":{"line":340,"column":95}},{"start":{},"end":{}}],"line":340},"38":{"loc":{"start":{"line":340,"column":10},"end":{"line":340,"column":86}},"type":"binary-expr","locations":[{"start":{"line":340,"column":10},"end":{"line":340,"column":46}},{"start":{"line":340,"column":50},"end":{"line":340,"column":86}}],"line":340},"39":{"loc":{"start":{"line":342,"column":6},"end":{"line":344,"column":7}},"type":"if","locations":[{"start":{"line":342,"column":6},"end":{"line":344,"column":7}},{"start":{},"end":{}}],"line":342},"40":{"loc":{"start":{"line":361,"column":6},"end":{"line":365,"column":7}},"type":"if","locations":[{"start":{"line":361,"column":6},"end":{"line":365,"column":7}},{"start":{},"end":{}}],"line":361},"41":{"loc":{"start":{"line":376,"column":6},"end":{"line":376,"column":26}},"type":"if","locations":[{"start":{"line":376,"column":6},"end":{"line":376,"column":26}},{"start":{},"end":{}}],"line":376},"42":{"loc":{"start":{"line":385,"column":6},"end":{"line":385,"column":64}},"type":"binary-expr","locations":[{"start":{"line":385,"column":6},"end":{"line":385,"column":23}},{"start":{"line":385,"column":27},"end":{"line":385,"column":64}}],"line":385},"43":{"loc":{"start":{"line":396,"column":4},"end":{"line":396,"column":64}},"type":"if","locations":[{"start":{"line":396,"column":4},"end":{"line":396,"column":64}},{"start":{},"end":{}}],"line":396},"44":{"loc":{"start":{"line":396,"column":8},"end":{"line":396,"column":49}},"type":"binary-expr","locations":[{"start":{"line":396,"column":8},"end":{"line":396,"column":16}},{"start":{"line":396,"column":20},"end":{"line":396,"column":49}}],"line":396},"45":{"loc":{"start":{"line":399,"column":4},"end":{"line":399,"column":63}},"type":"if","locations":[{"start":{"line":399,"column":4},"end":{"line":399,"column":63}},{"start":{},"end":{}}],"line":399},"46":{"loc":{"start":{"line":402,"column":4},"end":{"line":409,"column":5}},"type":"if","locations":[{"start":{"line":402,"column":4},"end":{"line":409,"column":5}},{"start":{},"end":{}}],"line":402},"47":{"loc":{"start":{"line":403,"column":6},"end":{"line":406,"column":61}},"type":"binary-expr","locations":[{"start":{"line":403,"column":6},"end":{"line":403,"column":45}},{"start":{"line":404,"column":6},"end":{"line":404,"column":27}},{"start":{"line":405,"column":6},"end":{"line":405,"column":61}},{"start":{"line":406,"column":6},"end":{"line":406,"column":61}}],"line":403}},"s":{"0":0,"1":0,"2":0,"3":0,"4":0,"5":0,"6":0,"7":0,"8":0,"9":0,"10":0,"11":0,"12":0,"13":0,"14":0,"15":0,"16":0,"17":0,"18":0,"19":0,"20":0,"21":0,"22":0,"23":0,"24":0,"25":0,"26":0,"27":0,"28":0,"29":0,"30":0,"31":0,"32":0,"33":0,"34":0,"35":0,"36":0,"37":0,"38":0,"39":0,"40":0,"41":0,"42":0,"43":0,"44":0,"45":0,"46":0,"47":0,"48":0,"49":0,"50":0,"51":0,"52":0,"53":0,"54":0,"55":0,"56":0,"57":0,"58":0,"59":0,"60":0,"61":0,"62":0,"63":0,"64":0,"65":0,"66":0,"67":0,"68":0,"69":0,"70":0,"71":0,"72":0,"73":0,"74":0,"75":0,"76":0,"77":0,"78":0,"79":0,"80":0,"81":0,"82":0,"83":0,"84":0,"85":0,"86":0,"87":0,"88":0,"89":0,"90":0,"91":0,"92":0,"93":0,"94":0,"95":0,"96":0,"97":0,"98":0,"99":0,"100":0,"101":0,"102":0,"103":0,"104":0,"105":0,"106":0,"107":0,"108":0,"109":0,"110":0,"111":0,"112":0,"113":0,"114":0,"115":0,"116":0,"117":0,"118":0,"119":0,"120":0,"121":0,"122":0,"123":0,"124":0,"125":0,"126":0,"127":0,"128":0,"129":0,"130":0,"131":0,"132":0,"133":0,"134":0,"135":0,"136":0,"137":0,"138":0,"139":0,"140":0,"141":0,"142":0,"143":0,"144":0,"145":0,"146":0,"147":0,"148":0,"149":0,"150":0,"151":0,"152":0,"153":0,"154":0,"155":0,"156":0,"157":0,"158":0},"f":{"0":0,"1":0,"2":0,"3":0,"4":0,"5":0,"6":0,"7":0,"8":0,"9":0,"10":0,"11":0,"12":0,"13":0,"14":0,"15":0,"16":0,"17":0,"18":0,"19":0,"20":0,"21":0},"b":{"0":[0,0],"1":[0,0],"2":[0,0],"3":[0,0],"4":[0,0],"5":[0,0],"6":[0,0],"7":[0,0],"8":[0,0],"9":[0,0],"10":[0,0],"11":[0,0],"12":[0,0],"13":[0,0],"14":[0,0],"15":[0,0,0,0],"16":[0,0],"17":[0,0],"18":[0,0],"19":[0],"20":[0,0],"21":[0,0],"22":[0,0],"23":[0,0],"24":[0,0],"25":[0,0],"26":[0,0,0,0],"27":[0,0],"28":[0,0],"29":[0,0],"30":[0,0],"31":[0,0],"32":[0],"33":[0,0],"34":[0,0],"35":[0,0],"36":[0],"37":[0,0],"38":[0,0],"39":[0,0],"40":[0,0],"41":[0,0],"42":[0,0],"43":[0,0],"44":[0,0],"45":[0,0],"46":[0,0],"47":[0,0,0,0]}}
,"/Users/keshava-13944/ZIDE/onezoho/privacyblur/src/content_script.js": {"path":"/Users/keshava-13944/ZIDE/onezoho/privacyblur/src/content_script.js","statementMap":{"0":{"start":{"line":17,"column":0},"end":{"line":343,"column":5}},"1":{"start":{"line":21,"column":17},"end":{"line":31,"column":3}},"2":{"start":{"line":34,"column":22},"end":{"line":34,"column":27}},"3":{"start":{"line":37,"column":23},"end":{"line":37,"column":28}},"4":{"start":{"line":40,"column":20},"end":{"line":40,"column":24}},"5":{"start":{"line":43,"column":19},"end":{"line":43,"column":36}},"6":{"start":{"line":49,"column":17},"end":{"line":49,"column":21}},"7":{"start":{"line":50,"column":17},"end":{"line":50,"column":21}},"8":{"start":{"line":51,"column":17},"end":{"line":51,"column":21}},"9":{"start":{"line":52,"column":17},"end":{"line":52,"column":21}},"10":{"start":{"line":53,"column":18},"end":{"line":53,"column":22}},"11":{"start":{"line":62,"column":4},"end":{"line":74,"column":5}},"12":{"start":{"line":63,"column":24},"end":{"line":63,"column":65}},"13":{"start":{"line":64,"column":6},"end":{"line":64,"column":55}},"14":{"start":{"line":64,"column":48},"end":{"line":64,"column":55}},"15":{"start":{"line":66,"column":6},"end":{"line":71,"column":7}},"16":{"start":{"line":67,"column":19},"end":{"line":67,"column":53}},"17":{"start":{"line":68,"column":8},"end":{"line":70,"column":9}},"18":{"start":{"line":69,"column":10},"end":{"line":69,"column":52}},"19":{"start":{"line":84,"column":4},"end":{"line":84,"column":28}},"20":{"start":{"line":84,"column":21},"end":{"line":84,"column":28}},"21":{"start":{"line":86,"column":4},"end":{"line":102,"column":7}},"22":{"start":{"line":88,"column":6},"end":{"line":88,"column":33}},"23":{"start":{"line":88,"column":26},"end":{"line":88,"column":33}},"24":{"start":{"line":90,"column":6},"end":{"line":101,"column":7}},"25":{"start":{"line":91,"column":8},"end":{"line":100,"column":9}},"26":{"start":{"line":92,"column":10},"end":{"line":99,"column":11}},"27":{"start":{"line":93,"column":12},"end":{"line":98,"column":13}},"28":{"start":{"line":94,"column":14},"end":{"line":94,"column":58}},"29":{"start":{"line":95,"column":14},"end":{"line":97,"column":17}},"30":{"start":{"line":96,"column":16},"end":{"line":96,"column":61}},"31":{"start":{"line":104,"column":4},"end":{"line":107,"column":7}},"32":{"start":{"line":111,"column":4},"end":{"line":114,"column":5}},"33":{"start":{"line":112,"column":6},"end":{"line":112,"column":31}},"34":{"start":{"line":113,"column":6},"end":{"line":113,"column":25}},"35":{"start":{"line":119,"column":26},"end":{"line":143,"column":3}},"36":{"start":{"line":122,"column":6},"end":{"line":122,"column":48}},"37":{"start":{"line":123,"column":23},"end":{"line":123,"column":47}},"38":{"start":{"line":124,"column":6},"end":{"line":126,"column":7}},"39":{"start":{"line":125,"column":8},"end":{"line":125,"column":69}},"40":{"start":{"line":131,"column":6},"end":{"line":131,"column":28}},"41":{"start":{"line":132,"column":23},"end":{"line":132,"column":47}},"42":{"start":{"line":133,"column":6},"end":{"line":135,"column":7}},"43":{"start":{"line":134,"column":8},"end":{"line":134,"column":71}},"44":{"start":{"line":140,"column":6},"end":{"line":140,"column":29}},"45":{"start":{"line":141,"column":6},"end":{"line":141,"column":40}},"46":{"start":{"line":152,"column":14},"end":{"line":152,"column":38}},"47":{"start":{"line":153,"column":4},"end":{"line":157,"column":6}},"48":{"start":{"line":162,"column":28},"end":{"line":172,"column":3}},"49":{"start":{"line":164,"column":6},"end":{"line":164,"column":65}},"50":{"start":{"line":167,"column":6},"end":{"line":170,"column":7}},"51":{"start":{"line":168,"column":8},"end":{"line":168,"column":28}},"52":{"start":{"line":169,"column":8},"end":{"line":169,"column":31}},"53":{"start":{"line":180,"column":21},"end":{"line":180,"column":28}},"54":{"start":{"line":182,"column":4},"end":{"line":277,"column":5}},"55":{"start":{"line":185,"column":8},"end":{"line":191,"column":9}},"56":{"start":{"line":186,"column":10},"end":{"line":186,"column":29}},"57":{"start":{"line":187,"column":10},"end":{"line":187,"column":32}},"58":{"start":{"line":189,"column":10},"end":{"line":189,"column":53}},"59":{"start":{"line":190,"column":10},"end":{"line":190,"column":31}},"60":{"start":{"line":192,"column":8},"end":{"line":192,"column":58}},"61":{"start":{"line":192,"column":26},"end":{"line":192,"column":58}},"62":{"start":{"line":193,"column":8},"end":{"line":193,"column":14}},"63":{"start":{"line":198,"column":8},"end":{"line":206,"column":9}},"64":{"start":{"line":199,"column":10},"end":{"line":199,"column":30}},"65":{"start":{"line":200,"column":10},"end":{"line":200,"column":33}},"66":{"start":{"line":201,"column":10},"end":{"line":201,"column":44}},"67":{"start":{"line":203,"column":10},"end":{"line":203,"column":53}},"68":{"start":{"line":204,"column":10},"end":{"line":204,"column":32}},"69":{"start":{"line":205,"column":10},"end":{"line":205,"column":43}},"70":{"start":{"line":207,"column":8},"end":{"line":207,"column":59}},"71":{"start":{"line":207,"column":26},"end":{"line":207,"column":59}},"72":{"start":{"line":208,"column":8},"end":{"line":208,"column":14}},"73":{"start":{"line":213,"column":8},"end":{"line":213,"column":27}},"74":{"start":{"line":214,"column":8},"end":{"line":214,"column":30}},"75":{"start":{"line":215,"column":8},"end":{"line":215,"column":50}},"76":{"start":{"line":216,"column":8},"end":{"line":216,"column":53}},"77":{"start":{"line":216,"column":26},"end":{"line":216,"column":53}},"78":{"start":{"line":217,"column":8},"end":{"line":217,"column":14}},"79":{"start":{"line":222,"column":8},"end":{"line":224,"column":11}},"80":{"start":{"line":223,"column":10},"end":{"line":223,"column":55}},"81":{"start":{"line":223,"column":28},"end":{"line":223,"column":55}},"82":{"start":{"line":225,"column":8},"end":{"line":225,"column":20}},"83":{"start":{"line":230,"column":29},"end":{"line":230,"column":76}},"84":{"start":{"line":231,"column":8},"end":{"line":231,"column":88}},"85":{"start":{"line":231,"column":26},"end":{"line":231,"column":88}},"86":{"start":{"line":232,"column":8},"end":{"line":232,"column":14}},"87":{"start":{"line":237,"column":8},"end":{"line":244,"column":9}},"88":{"start":{"line":238,"column":10},"end":{"line":238,"column":58}},"89":{"start":{"line":239,"column":10},"end":{"line":239,"column":31}},"90":{"start":{"line":240,"column":10},"end":{"line":240,"column":64}},"91":{"start":{"line":241,"column":10},"end":{"line":243,"column":11}},"92":{"start":{"line":242,"column":12},"end":{"line":242,"column":41}},"93":{"start":{"line":245,"column":8},"end":{"line":245,"column":53}},"94":{"start":{"line":245,"column":26},"end":{"line":245,"column":53}},"95":{"start":{"line":246,"column":8},"end":{"line":246,"column":14}},"96":{"start":{"line":251,"column":8},"end":{"line":257,"column":9}},"97":{"start":{"line":252,"column":21},"end":{"line":252,"column":70}},"98":{"start":{"line":253,"column":10},"end":{"line":256,"column":11}},"99":{"start":{"line":254,"column":12},"end":{"line":254,"column":54}},"100":{"start":{"line":255,"column":12},"end":{"line":255,"column":88}},"101":{"start":{"line":258,"column":8},"end":{"line":258,"column":53}},"102":{"start":{"line":258,"column":26},"end":{"line":258,"column":53}},"103":{"start":{"line":259,"column":8},"end":{"line":259,"column":14}},"104":{"start":{"line":264,"column":8},"end":{"line":270,"column":9}},"105":{"start":{"line":265,"column":21},"end":{"line":265,"column":70}},"106":{"start":{"line":266,"column":10},"end":{"line":269,"column":11}},"107":{"start":{"line":267,"column":12},"end":{"line":267,"column":34}},"108":{"start":{"line":268,"column":12},"end":{"line":268,"column":90}},"109":{"start":{"line":271,"column":8},"end":{"line":271,"column":53}},"110":{"start":{"line":271,"column":26},"end":{"line":271,"column":53}},"111":{"start":{"line":272,"column":8},"end":{"line":272,"column":14}},"112":{"start":{"line":276,"column":8},"end":{"line":276,"column":14}},"113":{"start":{"line":279,"column":4},"end":{"line":279,"column":17}},"114":{"start":{"line":285,"column":4},"end":{"line":288,"column":6}},"115":{"start":{"line":289,"column":4},"end":{"line":292,"column":6}},"116":{"start":{"line":293,"column":4},"end":{"line":296,"column":6}},"117":{"start":{"line":303,"column":4},"end":{"line":303,"column":41}},"118":{"start":{"line":304,"column":4},"end":{"line":304,"column":42}},"119":{"start":{"line":305,"column":4},"end":{"line":305,"column":48}},"120":{"start":{"line":306,"column":4},"end":{"line":306,"column":41}},"121":{"start":{"line":307,"column":4},"end":{"line":307,"column":44}},"122":{"start":{"line":310,"column":4},"end":{"line":317,"column":5}},"123":{"start":{"line":311,"column":21},"end":{"line":311,"column":46}},"124":{"start":{"line":312,"column":6},"end":{"line":314,"column":7}},"125":{"start":{"line":313,"column":8},"end":{"line":313,"column":46}},"126":{"start":{"line":320,"column":4},"end":{"line":320,"column":25}},"127":{"start":{"line":323,"column":4},"end":{"line":323,"column":58}},"128":{"start":{"line":326,"column":4},"end":{"line":326,"column":35}},"129":{"start":{"line":329,"column":4},"end":{"line":329,"column":56}},"130":{"start":{"line":332,"column":4},"end":{"line":332,"column":23}},"131":{"start":{"line":337,"column":2},"end":{"line":341,"column":3}},"132":{"start":{"line":338,"column":4},"end":{"line":338,"column":72}},"133":{"start":{"line":340,"column":4},"end":{"line":340,"column":11}}},"fnMap":{"0":{"name":"(anonymous_0)","decl":{"start":{"line":17,"column":1},"end":{"line":17,"column":2}},"loc":{"start":{"line":17,"column":7},"end":{"line":343,"column":1}},"line":17},"1":{"name":"restoreBlurredElements","decl":{"start":{"line":61,"column":17},"end":{"line":61,"column":39}},"loc":{"start":{"line":61,"column":42},"end":{"line":75,"column":3}},"line":61},"2":{"name":"startDomObserver","decl":{"start":{"line":83,"column":11},"end":{"line":83,"column":27}},"loc":{"start":{"line":83,"column":30},"end":{"line":108,"column":3}},"line":83},"3":{"name":"(anonymous_3)","decl":{"start":{"line":86,"column":39},"end":{"line":86,"column":40}},"loc":{"start":{"line":86,"column":54},"end":{"line":102,"column":5}},"line":86},"4":{"name":"(anonymous_4)","decl":{"start":{"line":95,"column":49},"end":{"line":95,"column":50}},"loc":{"start":{"line":95,"column":60},"end":{"line":97,"column":15}},"line":95},"5":{"name":"stopDomObserver","decl":{"start":{"line":110,"column":11},"end":{"line":110,"column":26}},"loc":{"start":{"line":110,"column":29},"end":{"line":115,"column":3}},"line":110},"6":{"name":"(anonymous_6)","decl":{"start":{"line":121,"column":4},"end":{"line":121,"column":5}},"loc":{"start":{"line":121,"column":15},"end":{"line":127,"column":5}},"line":121},"7":{"name":"(anonymous_7)","decl":{"start":{"line":125,"column":59},"end":{"line":125,"column":60}},"loc":{"start":{"line":125,"column":65},"end":{"line":125,"column":67}},"line":125},"8":{"name":"(anonymous_8)","decl":{"start":{"line":130,"column":4},"end":{"line":130,"column":5}},"loc":{"start":{"line":130,"column":17},"end":{"line":136,"column":5}},"line":130},"9":{"name":"(anonymous_9)","decl":{"start":{"line":134,"column":61},"end":{"line":134,"column":62}},"loc":{"start":{"line":134,"column":67},"end":{"line":134,"column":69}},"line":134},"10":{"name":"(anonymous_10)","decl":{"start":{"line":139,"column":4},"end":{"line":139,"column":5}},"loc":{"start":{"line":139,"column":19},"end":{"line":142,"column":5}},"line":139},"11":{"name":"shortcutSettings","decl":{"start":{"line":151,"column":11},"end":{"line":151,"column":27}},"loc":{"start":{"line":151,"column":30},"end":{"line":158,"column":3}},"line":151},"12":{"name":"(anonymous_12)","decl":{"start":{"line":163,"column":4},"end":{"line":163,"column":5}},"loc":{"start":{"line":163,"column":22},"end":{"line":165,"column":5}},"line":163},"13":{"name":"(anonymous_13)","decl":{"start":{"line":164,"column":55},"end":{"line":164,"column":56}},"loc":{"start":{"line":164,"column":61},"end":{"line":164,"column":63}},"line":164},"14":{"name":"(anonymous_14)","decl":{"start":{"line":166,"column":4},"end":{"line":166,"column":5}},"loc":{"start":{"line":166,"column":19},"end":{"line":171,"column":5}},"line":166},"15":{"name":"handleMessage","decl":{"start":{"line":179,"column":11},"end":{"line":179,"column":24}},"loc":{"start":{"line":179,"column":57},"end":{"line":280,"column":3}},"line":179},"16":{"name":"(anonymous_16)","decl":{"start":{"line":215,"column":40},"end":{"line":215,"column":41}},"loc":{"start":{"line":215,"column":46},"end":{"line":215,"column":48}},"line":215},"17":{"name":"(anonymous_17)","decl":{"start":{"line":222,"column":38},"end":{"line":222,"column":39}},"loc":{"start":{"line":222,"column":44},"end":{"line":224,"column":9}},"line":222},"18":{"name":"(anonymous_18)","decl":{"start":{"line":255,"column":78},"end":{"line":255,"column":79}},"loc":{"start":{"line":255,"column":84},"end":{"line":255,"column":86}},"line":255},"19":{"name":"(anonymous_19)","decl":{"start":{"line":268,"column":80},"end":{"line":268,"column":81}},"loc":{"start":{"line":268,"column":86},"end":{"line":268,"column":88}},"line":268},"20":{"name":"applySettingsToDom","decl":{"start":{"line":284,"column":11},"end":{"line":284,"column":29}},"loc":{"start":{"line":284,"column":32},"end":{"line":297,"column":3}},"line":284},"21":{"name":"init","decl":{"start":{"line":301,"column":17},"end":{"line":301,"column":21}},"loc":{"start":{"line":301,"column":24},"end":{"line":333,"column":3}},"line":301}},"branchMap":{"0":{"loc":{"start":{"line":64,"column":6},"end":{"line":64,"column":55}},"type":"if","locations":[{"start":{"line":64,"column":6},"end":{"line":64,"column":55}},{"start":{},"end":{}}],"line":64},"1":{"loc":{"start":{"line":64,"column":10},"end":{"line":64,"column":46}},"type":"binary-expr","locations":[{"start":{"line":64,"column":10},"end":{"line":64,"column":20}},{"start":{"line":64,"column":24},"end":{"line":64,"column":46}}],"line":64},"2":{"loc":{"start":{"line":68,"column":8},"end":{"line":70,"column":9}},"type":"if","locations":[{"start":{"line":68,"column":8},"end":{"line":70,"column":9}},{"start":{},"end":{}}],"line":68},"3":{"loc":{"start":{"line":84,"column":4},"end":{"line":84,"column":28}},"type":"if","locations":[{"start":{"line":84,"column":4},"end":{"line":84,"column":28}},{"start":{},"end":{}}],"line":84},"4":{"loc":{"start":{"line":88,"column":6},"end":{"line":88,"column":33}},"type":"if","locations":[{"start":{"line":88,"column":6},"end":{"line":88,"column":33}},{"start":{},"end":{}}],"line":88},"5":{"loc":{"start":{"line":90,"column":6},"end":{"line":101,"column":7}},"type":"if","locations":[{"start":{"line":90,"column":6},"end":{"line":101,"column":7}},{"start":{},"end":{}}],"line":90},"6":{"loc":{"start":{"line":93,"column":12},"end":{"line":98,"column":13}},"type":"if","locations":[{"start":{"line":93,"column":12},"end":{"line":98,"column":13}},{"start":{},"end":{}}],"line":93},"7":{"loc":{"start":{"line":111,"column":4},"end":{"line":114,"column":5}},"type":"if","locations":[{"start":{"line":111,"column":4},"end":{"line":114,"column":5}},{"start":{},"end":{}}],"line":111},"8":{"loc":{"start":{"line":124,"column":6},"end":{"line":126,"column":7}},"type":"if","locations":[{"start":{"line":124,"column":6},"end":{"line":126,"column":7}},{"start":{},"end":{}}],"line":124},"9":{"loc":{"start":{"line":133,"column":6},"end":{"line":135,"column":7}},"type":"if","locations":[{"start":{"line":133,"column":6},"end":{"line":135,"column":7}},{"start":{},"end":{}}],"line":133},"10":{"loc":{"start":{"line":152,"column":14},"end":{"line":152,"column":38}},"type":"binary-expr","locations":[{"start":{"line":152,"column":14},"end":{"line":152,"column":32}},{"start":{"line":152,"column":36},"end":{"line":152,"column":38}}],"line":152},"11":{"loc":{"start":{"line":154,"column":21},"end":{"line":154,"column":44}},"type":"binary-expr","locations":[{"start":{"line":154,"column":21},"end":{"line":154,"column":32}},{"start":{"line":154,"column":41},"end":{"line":154,"column":44}}],"line":154},"12":{"loc":{"start":{"line":155,"column":21},"end":{"line":155,"column":44}},"type":"binary-expr","locations":[{"start":{"line":155,"column":21},"end":{"line":155,"column":32}},{"start":{"line":155,"column":41},"end":{"line":155,"column":44}}],"line":155},"13":{"loc":{"start":{"line":156,"column":21},"end":{"line":156,"column":47}},"type":"binary-expr","locations":[{"start":{"line":156,"column":21},"end":{"line":156,"column":36}},{"start":{"line":156,"column":41},"end":{"line":156,"column":47}}],"line":156},"14":{"loc":{"start":{"line":167,"column":6},"end":{"line":170,"column":7}},"type":"if","locations":[{"start":{"line":167,"column":6},"end":{"line":170,"column":7}},{"start":{},"end":{}}],"line":167},"15":{"loc":{"start":{"line":182,"column":4},"end":{"line":277,"column":5}},"type":"switch","locations":[{"start":{"line":184,"column":6},"end":{"line":194,"column":7}},{"start":{"line":197,"column":6},"end":{"line":209,"column":7}},{"start":{"line":212,"column":6},"end":{"line":218,"column":7}},{"start":{"line":221,"column":6},"end":{"line":226,"column":7}},{"start":{"line":229,"column":6},"end":{"line":233,"column":7}},{"start":{"line":236,"column":6},"end":{"line":247,"column":7}},{"start":{"line":250,"column":6},"end":{"line":260,"column":7}},{"start":{"line":263,"column":6},"end":{"line":273,"column":7}},{"start":{"line":275,"column":6},"end":{"line":276,"column":14}}],"line":182},"16":{"loc":{"start":{"line":185,"column":8},"end":{"line":191,"column":9}},"type":"if","locations":[{"start":{"line":185,"column":8},"end":{"line":191,"column":9}},{"start":{"line":188,"column":15},"end":{"line":191,"column":9}}],"line":185},"17":{"loc":{"start":{"line":192,"column":8},"end":{"line":192,"column":58}},"type":"if","locations":[{"start":{"line":192,"column":8},"end":{"line":192,"column":58}},{"start":{},"end":{}}],"line":192},"18":{"loc":{"start":{"line":198,"column":8},"end":{"line":206,"column":9}},"type":"if","locations":[{"start":{"line":198,"column":8},"end":{"line":206,"column":9}},{"start":{"line":202,"column":15},"end":{"line":206,"column":9}}],"line":198},"19":{"loc":{"start":{"line":207,"column":8},"end":{"line":207,"column":59}},"type":"if","locations":[{"start":{"line":207,"column":8},"end":{"line":207,"column":59}},{"start":{},"end":{}}],"line":207},"20":{"loc":{"start":{"line":216,"column":8},"end":{"line":216,"column":53}},"type":"if","locations":[{"start":{"line":216,"column":8},"end":{"line":216,"column":53}},{"start":{},"end":{}}],"line":216},"21":{"loc":{"start":{"line":223,"column":10},"end":{"line":223,"column":55}},"type":"if","locations":[{"start":{"line":223,"column":10},"end":{"line":223,"column":55}},{"start":{},"end":{}}],"line":223},"22":{"loc":{"start":{"line":231,"column":8},"end":{"line":231,"column":88}},"type":"if","locations":[{"start":{"line":231,"column":8},"end":{"line":231,"column":88}},{"start":{},"end":{}}],"line":231},"23":{"loc":{"start":{"line":237,"column":8},"end":{"line":244,"column":9}},"type":"if","locations":[{"start":{"line":237,"column":8},"end":{"line":244,"column":9}},{"start":{},"end":{}}],"line":237},"24":{"loc":{"start":{"line":241,"column":10},"end":{"line":243,"column":11}},"type":"if","locations":[{"start":{"line":241,"column":10},"end":{"line":243,"column":11}},{"start":{},"end":{}}],"line":241},"25":{"loc":{"start":{"line":245,"column":8},"end":{"line":245,"column":53}},"type":"if","locations":[{"start":{"line":245,"column":8},"end":{"line":245,"column":53}},{"start":{},"end":{}}],"line":245},"26":{"loc":{"start":{"line":251,"column":8},"end":{"line":257,"column":9}},"type":"if","locations":[{"start":{"line":251,"column":8},"end":{"line":257,"column":9}},{"start":{},"end":{}}],"line":251},"27":{"loc":{"start":{"line":253,"column":10},"end":{"line":256,"column":11}},"type":"if","locations":[{"start":{"line":253,"column":10},"end":{"line":256,"column":11}},{"start":{},"end":{}}],"line":253},"28":{"loc":{"start":{"line":258,"column":8},"end":{"line":258,"column":53}},"type":"if","locations":[{"start":{"line":258,"column":8},"end":{"line":258,"column":53}},{"start":{},"end":{}}],"line":258},"29":{"loc":{"start":{"line":264,"column":8},"end":{"line":270,"column":9}},"type":"if","locations":[{"start":{"line":264,"column":8},"end":{"line":270,"column":9}},{"start":{},"end":{}}],"line":264},"30":{"loc":{"start":{"line":266,"column":10},"end":{"line":269,"column":11}},"type":"if","locations":[{"start":{"line":266,"column":10},"end":{"line":269,"column":11}},{"start":{},"end":{}}],"line":266},"31":{"loc":{"start":{"line":271,"column":8},"end":{"line":271,"column":53}},"type":"if","locations":[{"start":{"line":271,"column":8},"end":{"line":271,"column":53}},{"start":{},"end":{}}],"line":271},"32":{"loc":{"start":{"line":291,"column":6},"end":{"line":291,"column":42}},"type":"binary-expr","locations":[{"start":{"line":291,"column":6},"end":{"line":291,"column":29}},{"start":{"line":291,"column":33},"end":{"line":291,"column":42}}],"line":291},"33":{"loc":{"start":{"line":295,"column":9},"end":{"line":295,"column":43}},"type":"binary-expr","locations":[{"start":{"line":295,"column":9},"end":{"line":295,"column":36}},{"start":{"line":295,"column":40},"end":{"line":295,"column":43}}],"line":295},"34":{"loc":{"start":{"line":312,"column":6},"end":{"line":314,"column":7}},"type":"if","locations":[{"start":{"line":312,"column":6},"end":{"line":314,"column":7}},{"start":{},"end":{}}],"line":312},"35":{"loc":{"start":{"line":337,"column":2},"end":{"line":341,"column":3}},"type":"if","locations":[{"start":{"line":337,"column":2},"end":{"line":341,"column":3}},{"start":{"line":339,"column":9},"end":{"line":341,"column":3}}],"line":337}},"s":{"0":0,"1":0,"2":0,"3":0,"4":0,"5":0,"6":0,"7":0,"8":0,"9":0,"10":0,"11":0,"12":0,"13":0,"14":0,"15":0,"16":0,"17":0,"18":0,"19":0,"20":0,"21":0,"22":0,"23":0,"24":0,"25":0,"26":0,"27":0,"28":0,"29":0,"30":0,"31":0,"32":0,"33":0,"34":0,"35":0,"36":0,"37":0,"38":0,"39":0,"40":0,"41":0,"42":0,"43":0,"44":0,"45":0,"46":0,"47":0,"48":0,"49":0,"50":0,"51":0,"52":0,"53":0,"54":0,"55":0,"56":0,"57":0,"58":0,"59":0,"60":0,"61":0,"62":0,"63":0,"64":0,"65":0,"66":0,"67":0,"68":0,"69":0,"70":0,"71":0,"72":0,"73":0,"74":0,"75":0,"76":0,"77":0,"78":0,"79":0,"80":0,"81":0,"82":0,"83":0,"84":0,"85":0,"86":0,"87":0,"88":0,"89":0,"90":0,"91":0,"92":0,"93":0,"94":0,"95":0,"96":0,"97":0,"98":0,"99":0,"100":0,"101":0,"102":0,"103":0,"104":0,"105":0,"106":0,"107":0,"108":0,"109":0,"110":0,"111":0,"112":0,"113":0,"114":0,"115":0,"116":0,"117":0,"118":0,"119":0,"120":0,"121":0,"122":0,"123":0,"124":0,"125":0,"126":0,"127":0,"128":0,"129":0,"130":0,"131":0,"132":0,"133":0},"f":{"0":0,"1":0,"2":0,"3":0,"4":0,"5":0,"6":0,"7":0,"8":0,"9":0,"10":0,"11":0,"12":0,"13":0,"14":0,"15":0,"16":0,"17":0,"18":0,"19":0,"20":0,"21":0},"b":{"0":[0,0],"1":[0,0],"2":[0,0],"3":[0,0],"4":[0,0],"5":[0,0],"6":[0,0],"7":[0,0],"8":[0,0],"9":[0,0],"10":[0,0],"11":[0,0],"12":[0,0],"13":[0,0],"14":[0,0],"15":[0,0,0,0,0,0,0,0,0],"16":[0,0],"17":[0,0],"18":[0,0],"19":[0,0],"20":[0,0],"21":[0,0],"22":[0,0],"23":[0,0],"24":[0,0],"25":[0,0],"26":[0,0],"27":[0,0],"28":[0,0],"29":[0,0],"30":[0,0],"31":[0,0],"32":[0,0],"33":[0,0],"34":[0,0],"35":[0,0]}}
,"/Users/keshava-13944/ZIDE/onezoho/privacyblur/src/picker.js": {"path":"/Users/keshava-13944/ZIDE/onezoho/privacyblur/src/picker.js","statementMap":{"0":{"start":{"line":16,"column":0},"end":{"line":306,"column":5}},"1":{"start":{"line":20,"column":17},"end":{"line":20,"column":22}},"2":{"start":{"line":23,"column":23},"end":{"line":23,"column":27}},"3":{"start":{"line":26,"column":27},"end":{"line":26,"column":36}},"4":{"start":{"line":29,"column":23},"end":{"line":32,"column":3}},"5":{"start":{"line":35,"column":24},"end":{"line":35,"column":26}},"6":{"start":{"line":39,"column":18},"end":{"line":39,"column":22}},"7":{"start":{"line":40,"column":16},"end":{"line":40,"column":20}},"8":{"start":{"line":46,"column":18},"end":{"line":46,"column":47}},"9":{"start":{"line":47,"column":4},"end":{"line":47,"column":29}},"10":{"start":{"line":48,"column":4},"end":{"line":61,"column":7}},"11":{"start":{"line":64,"column":25},"end":{"line":64,"column":42}},"12":{"start":{"line":65,"column":21},"end":{"line":65,"column":50}},"13":{"start":{"line":66,"column":4},"end":{"line":68,"column":5}},"14":{"start":{"line":67,"column":6},"end":{"line":67,"column":37}},"15":{"start":{"line":70,"column":4},"end":{"line":70,"column":26}},"16":{"start":{"line":71,"column":4},"end":{"line":76,"column":12}},"17":{"start":{"line":72,"column":6},"end":{"line":72,"column":21}},"18":{"start":{"line":73,"column":6},"end":{"line":75,"column":7}},"19":{"start":{"line":74,"column":8},"end":{"line":74,"column":41}},"20":{"start":{"line":87,"column":4},"end":{"line":87,"column":26}},"21":{"start":{"line":87,"column":19},"end":{"line":87,"column":26}},"22":{"start":{"line":89,"column":4},"end":{"line":89,"column":46}},"23":{"start":{"line":90,"column":4},"end":{"line":90,"column":39}},"24":{"start":{"line":91,"column":4},"end":{"line":91,"column":39}},"25":{"start":{"line":92,"column":4},"end":{"line":92,"column":54}},"26":{"start":{"line":95,"column":4},"end":{"line":95,"column":78}},"27":{"start":{"line":95,"column":51},"end":{"line":95,"column":70}},"28":{"start":{"line":96,"column":4},"end":{"line":96,"column":77}},"29":{"start":{"line":96,"column":50},"end":{"line":96,"column":69}},"30":{"start":{"line":97,"column":4},"end":{"line":97,"column":74}},"31":{"start":{"line":97,"column":47},"end":{"line":97,"column":66}},"32":{"start":{"line":100,"column":18},"end":{"line":100,"column":48}},"33":{"start":{"line":101,"column":4},"end":{"line":101,"column":41}},"34":{"start":{"line":102,"column":4},"end":{"line":103,"column":77}},"35":{"start":{"line":106,"column":21},"end":{"line":106,"column":50}},"36":{"start":{"line":107,"column":4},"end":{"line":107,"column":48}},"37":{"start":{"line":109,"column":21},"end":{"line":109,"column":53}},"38":{"start":{"line":110,"column":4},"end":{"line":110,"column":64}},"39":{"start":{"line":111,"column":4},"end":{"line":111,"column":39}},"40":{"start":{"line":112,"column":4},"end":{"line":112,"column":54}},"41":{"start":{"line":113,"column":4},"end":{"line":116,"column":7}},"42":{"start":{"line":114,"column":6},"end":{"line":114,"column":26}},"43":{"start":{"line":115,"column":6},"end":{"line":115,"column":27}},"44":{"start":{"line":118,"column":21},"end":{"line":118,"column":53}},"45":{"start":{"line":119,"column":4},"end":{"line":119,"column":64}},"46":{"start":{"line":120,"column":4},"end":{"line":120,"column":31}},"47":{"start":{"line":121,"column":4},"end":{"line":121,"column":40}},"48":{"start":{"line":122,"column":4},"end":{"line":122,"column":56}},"49":{"start":{"line":123,"column":4},"end":{"line":126,"column":7}},"50":{"start":{"line":124,"column":6},"end":{"line":124,"column":26}},"51":{"start":{"line":125,"column":6},"end":{"line":125,"column":19}},"52":{"start":{"line":128,"column":4},"end":{"line":128,"column":35}},"53":{"start":{"line":129,"column":4},"end":{"line":129,"column":35}},"54":{"start":{"line":131,"column":4},"end":{"line":131,"column":33}},"55":{"start":{"line":132,"column":4},"end":{"line":132,"column":36}},"56":{"start":{"line":134,"column":4},"end":{"line":134,"column":41}},"57":{"start":{"line":138,"column":4},"end":{"line":141,"column":5}},"58":{"start":{"line":139,"column":6},"end":{"line":139,"column":25}},"59":{"start":{"line":140,"column":6},"end":{"line":140,"column":23}},"60":{"start":{"line":146,"column":4},"end":{"line":152,"column":5}},"61":{"start":{"line":147,"column":6},"end":{"line":151,"column":7}},"62":{"start":{"line":148,"column":8},"end":{"line":148,"column":37}},"63":{"start":{"line":150,"column":8},"end":{"line":150,"column":37}},"64":{"start":{"line":153,"column":4},"end":{"line":153,"column":29}},"65":{"start":{"line":159,"column":19},"end":{"line":159,"column":42}},"66":{"start":{"line":160,"column":4},"end":{"line":160,"column":79}},"67":{"start":{"line":160,"column":72},"end":{"line":160,"column":79}},"68":{"start":{"line":162,"column":4},"end":{"line":164,"column":5}},"69":{"start":{"line":163,"column":6},"end":{"line":163,"column":60}},"70":{"start":{"line":165,"column":4},"end":{"line":165,"column":28}},"71":{"start":{"line":166,"column":4},"end":{"line":166,"column":55}},"72":{"start":{"line":170,"column":19},"end":{"line":170,"column":42}},"73":{"start":{"line":171,"column":4},"end":{"line":173,"column":5}},"74":{"start":{"line":172,"column":6},"end":{"line":172,"column":52}},"75":{"start":{"line":174,"column":4},"end":{"line":176,"column":5}},"76":{"start":{"line":175,"column":6},"end":{"line":175,"column":28}},"77":{"start":{"line":180,"column":19},"end":{"line":180,"column":42}},"78":{"start":{"line":181,"column":4},"end":{"line":181,"column":79}},"79":{"start":{"line":181,"column":72},"end":{"line":181,"column":79}},"80":{"start":{"line":183,"column":4},"end":{"line":183,"column":23}},"81":{"start":{"line":184,"column":4},"end":{"line":184,"column":24}},"82":{"start":{"line":185,"column":4},"end":{"line":185,"column":33}},"83":{"start":{"line":187,"column":27},"end":{"line":187,"column":66}},"84":{"start":{"line":189,"column":4},"end":{"line":205,"column":5}},"85":{"start":{"line":190,"column":6},"end":{"line":194,"column":7}},"86":{"start":{"line":191,"column":8},"end":{"line":191,"column":41}},"87":{"start":{"line":193,"column":8},"end":{"line":193,"column":41}},"88":{"start":{"line":195,"column":6},"end":{"line":195,"column":38}},"89":{"start":{"line":196,"column":6},"end":{"line":196,"column":49}},"90":{"start":{"line":198,"column":6},"end":{"line":202,"column":7}},"91":{"start":{"line":199,"column":8},"end":{"line":199,"column":39}},"92":{"start":{"line":201,"column":8},"end":{"line":201,"column":66}},"93":{"start":{"line":203,"column":6},"end":{"line":203,"column":35}},"94":{"start":{"line":204,"column":6},"end":{"line":204,"column":47}},"95":{"start":{"line":209,"column":4},"end":{"line":213,"column":5}},"96":{"start":{"line":210,"column":6},"end":{"line":210,"column":25}},"97":{"start":{"line":211,"column":6},"end":{"line":211,"column":26}},"98":{"start":{"line":212,"column":6},"end":{"line":212,"column":19}},"99":{"start":{"line":223,"column":4},"end":{"line":223,"column":55}},"100":{"start":{"line":223,"column":43},"end":{"line":223,"column":55}},"101":{"start":{"line":224,"column":4},"end":{"line":224,"column":79}},"102":{"start":{"line":224,"column":67},"end":{"line":224,"column":79}},"103":{"start":{"line":225,"column":4},"end":{"line":225,"column":15}},"104":{"start":{"line":236,"column":4},"end":{"line":236,"column":25}},"105":{"start":{"line":236,"column":18},"end":{"line":236,"column":25}},"106":{"start":{"line":238,"column":4},"end":{"line":238,"column":56}},"107":{"start":{"line":239,"column":4},"end":{"line":239,"column":38}},"108":{"start":{"line":240,"column":4},"end":{"line":240,"column":20}},"109":{"start":{"line":243,"column":4},"end":{"line":243,"column":63}},"110":{"start":{"line":246,"column":4},"end":{"line":246,"column":19}},"111":{"start":{"line":249,"column":4},"end":{"line":249,"column":62}},"112":{"start":{"line":250,"column":4},"end":{"line":250,"column":60}},"113":{"start":{"line":251,"column":4},"end":{"line":251,"column":54}},"114":{"start":{"line":252,"column":4},"end":{"line":252,"column":58}},"115":{"start":{"line":259,"column":4},"end":{"line":259,"column":26}},"116":{"start":{"line":259,"column":19},"end":{"line":259,"column":26}},"117":{"start":{"line":261,"column":4},"end":{"line":261,"column":21}},"118":{"start":{"line":264,"column":4},"end":{"line":264,"column":65}},"119":{"start":{"line":265,"column":4},"end":{"line":265,"column":63}},"120":{"start":{"line":266,"column":4},"end":{"line":266,"column":57}},"121":{"start":{"line":267,"column":4},"end":{"line":267,"column":61}},"122":{"start":{"line":270,"column":24},"end":{"line":270,"column":72}},"123":{"start":{"line":271,"column":4},"end":{"line":273,"column":5}},"124":{"start":{"line":272,"column":6},"end":{"line":272,"column":48}},"125":{"start":{"line":274,"column":4},"end":{"line":274,"column":26}},"126":{"start":{"line":277,"column":4},"end":{"line":277,"column":66}},"127":{"start":{"line":278,"column":4},"end":{"line":278,"column":20}},"128":{"start":{"line":281,"column":4},"end":{"line":283,"column":5}},"129":{"start":{"line":282,"column":6},"end":{"line":282,"column":37}},"130":{"start":{"line":285,"column":4},"end":{"line":285,"column":25}},"131":{"start":{"line":294,"column":4},"end":{"line":294,"column":59}},"132":{"start":{"line":299,"column":2},"end":{"line":304,"column":4}},"133":{"start":{"line":300,"column":21},"end":{"line":300,"column":37}}},"fnMap":{"0":{"name":"(anonymous_0)","decl":{"start":{"line":16,"column":28},"end":{"line":16,"column":29}},"loc":{"start":{"line":16,"column":34},"end":{"line":306,"column":1}},"line":16},"1":{"name":"flashElementIndicator","decl":{"start":{"line":45,"column":11},"end":{"line":45,"column":32}},"loc":{"start":{"line":45,"column":43},"end":{"line":77,"column":3}},"line":45},"2":{"name":"(anonymous_2)","decl":{"start":{"line":71,"column":15},"end":{"line":71,"column":16}},"loc":{"start":{"line":71,"column":21},"end":{"line":76,"column":5}},"line":71},"3":{"name":"buildToolbar","decl":{"start":{"line":86,"column":11},"end":{"line":86,"column":23}},"loc":{"start":{"line":86,"column":26},"end":{"line":135,"column":3}},"line":86},"4":{"name":"(anonymous_4)","decl":{"start":{"line":95,"column":44},"end":{"line":95,"column":45}},"loc":{"start":{"line":95,"column":51},"end":{"line":95,"column":70}},"line":95},"5":{"name":"(anonymous_5)","decl":{"start":{"line":96,"column":43},"end":{"line":96,"column":44}},"loc":{"start":{"line":96,"column":50},"end":{"line":96,"column":69}},"line":96},"6":{"name":"(anonymous_6)","decl":{"start":{"line":97,"column":40},"end":{"line":97,"column":41}},"loc":{"start":{"line":97,"column":47},"end":{"line":97,"column":66}},"line":97},"7":{"name":"(anonymous_7)","decl":{"start":{"line":113,"column":39},"end":{"line":113,"column":40}},"loc":{"start":{"line":113,"column":46},"end":{"line":116,"column":5}},"line":113},"8":{"name":"(anonymous_8)","decl":{"start":{"line":123,"column":39},"end":{"line":123,"column":40}},"loc":{"start":{"line":123,"column":46},"end":{"line":126,"column":5}},"line":123},"9":{"name":"removeToolbar","decl":{"start":{"line":137,"column":11},"end":{"line":137,"column":24}},"loc":{"start":{"line":137,"column":27},"end":{"line":142,"column":3}},"line":137},"10":{"name":"clearAllFromPicker","decl":{"start":{"line":145,"column":11},"end":{"line":145,"column":29}},"loc":{"start":{"line":145,"column":32},"end":{"line":154,"column":3}},"line":145},"11":{"name":"onMouseOver","decl":{"start":{"line":158,"column":11},"end":{"line":158,"column":22}},"loc":{"start":{"line":158,"column":26},"end":{"line":167,"column":3}},"line":158},"12":{"name":"onMouseOut","decl":{"start":{"line":169,"column":11},"end":{"line":169,"column":21}},"loc":{"start":{"line":169,"column":25},"end":{"line":177,"column":3}},"line":169},"13":{"name":"onClick","decl":{"start":{"line":179,"column":11},"end":{"line":179,"column":18}},"loc":{"start":{"line":179,"column":22},"end":{"line":206,"column":3}},"line":179},"14":{"name":"onKeyDown","decl":{"start":{"line":208,"column":11},"end":{"line":208,"column":20}},"loc":{"start":{"line":208,"column":24},"end":{"line":214,"column":3}},"line":208},"15":{"name":"resolveTarget","decl":{"start":{"line":222,"column":11},"end":{"line":222,"column":24}},"loc":{"start":{"line":222,"column":30},"end":{"line":226,"column":3}},"line":222},"16":{"name":"activate","decl":{"start":{"line":235,"column":11},"end":{"line":235,"column":19}},"loc":{"start":{"line":235,"column":41},"end":{"line":253,"column":3}},"line":235},"17":{"name":"deactivate","decl":{"start":{"line":258,"column":11},"end":{"line":258,"column":21}},"loc":{"start":{"line":258,"column":24},"end":{"line":286,"column":3}},"line":258},"18":{"name":"setSettings","decl":{"start":{"line":293,"column":11},"end":{"line":293,"column":22}},"loc":{"start":{"line":293,"column":36},"end":{"line":295,"column":3}},"line":293},"19":{"name":"(anonymous_19)","decl":{"start":{"line":300,"column":4},"end":{"line":300,"column":5}},"loc":{"start":{"line":300,"column":19},"end":{"line":300,"column":39}},"line":300}},"branchMap":{"0":{"loc":{"start":{"line":66,"column":4},"end":{"line":68,"column":5}},"type":"if","locations":[{"start":{"line":66,"column":4},"end":{"line":68,"column":5}},{"start":{},"end":{}}],"line":66},"1":{"loc":{"start":{"line":66,"column":8},"end":{"line":66,"column":42}},"type":"binary-expr","locations":[{"start":{"line":66,"column":8},"end":{"line":66,"column":17}},{"start":{"line":66,"column":21},"end":{"line":66,"column":42}}],"line":66},"2":{"loc":{"start":{"line":73,"column":6},"end":{"line":75,"column":7}},"type":"if","locations":[{"start":{"line":73,"column":6},"end":{"line":75,"column":7}},{"start":{},"end":{}}],"line":73},"3":{"loc":{"start":{"line":73,"column":10},"end":{"line":73,"column":44}},"type":"binary-expr","locations":[{"start":{"line":73,"column":10},"end":{"line":73,"column":19}},{"start":{"line":73,"column":23},"end":{"line":73,"column":44}}],"line":73},"4":{"loc":{"start":{"line":87,"column":4},"end":{"line":87,"column":26}},"type":"if","locations":[{"start":{"line":87,"column":4},"end":{"line":87,"column":26}},{"start":{},"end":{}}],"line":87},"5":{"loc":{"start":{"line":138,"column":4},"end":{"line":141,"column":5}},"type":"if","locations":[{"start":{"line":138,"column":4},"end":{"line":141,"column":5}},{"start":{},"end":{}}],"line":138},"6":{"loc":{"start":{"line":147,"column":6},"end":{"line":151,"column":7}},"type":"if","locations":[{"start":{"line":147,"column":6},"end":{"line":151,"column":7}},{"start":{"line":149,"column":13},"end":{"line":151,"column":7}}],"line":147},"7":{"loc":{"start":{"line":160,"column":4},"end":{"line":160,"column":79}},"type":"if","locations":[{"start":{"line":160,"column":4},"end":{"line":160,"column":79}},{"start":{},"end":{}}],"line":160},"8":{"loc":{"start":{"line":160,"column":8},"end":{"line":160,"column":70}},"type":"binary-expr","locations":[{"start":{"line":160,"column":8},"end":{"line":160,"column":15}},{"start":{"line":160,"column":19},"end":{"line":160,"column":39}},{"start":{"line":160,"column":43},"end":{"line":160,"column":70}}],"line":160},"9":{"loc":{"start":{"line":162,"column":4},"end":{"line":164,"column":5}},"type":"if","locations":[{"start":{"line":162,"column":4},"end":{"line":164,"column":5}},{"start":{},"end":{}}],"line":162},"10":{"loc":{"start":{"line":162,"column":8},"end":{"line":162,"column":51}},"type":"binary-expr","locations":[{"start":{"line":162,"column":8},"end":{"line":162,"column":22}},{"start":{"line":162,"column":26},"end":{"line":162,"column":51}}],"line":162},"11":{"loc":{"start":{"line":171,"column":4},"end":{"line":173,"column":5}},"type":"if","locations":[{"start":{"line":171,"column":4},"end":{"line":173,"column":5}},{"start":{},"end":{}}],"line":171},"12":{"loc":{"start":{"line":174,"column":4},"end":{"line":176,"column":5}},"type":"if","locations":[{"start":{"line":174,"column":4},"end":{"line":176,"column":5}},{"start":{},"end":{}}],"line":174},"13":{"loc":{"start":{"line":181,"column":4},"end":{"line":181,"column":79}},"type":"if","locations":[{"start":{"line":181,"column":4},"end":{"line":181,"column":79}},{"start":{},"end":{}}],"line":181},"14":{"loc":{"start":{"line":181,"column":8},"end":{"line":181,"column":70}},"type":"binary-expr","locations":[{"start":{"line":181,"column":8},"end":{"line":181,"column":15}},{"start":{"line":181,"column":19},"end":{"line":181,"column":39}},{"start":{"line":181,"column":43},"end":{"line":181,"column":70}}],"line":181},"15":{"loc":{"start":{"line":189,"column":4},"end":{"line":205,"column":5}},"type":"if","locations":[{"start":{"line":189,"column":4},"end":{"line":205,"column":5}},{"start":{"line":197,"column":11},"end":{"line":205,"column":5}}],"line":189},"16":{"loc":{"start":{"line":190,"column":6},"end":{"line":194,"column":7}},"type":"if","locations":[{"start":{"line":190,"column":6},"end":{"line":194,"column":7}},{"start":{"line":192,"column":13},"end":{"line":194,"column":7}}],"line":190},"17":{"loc":{"start":{"line":198,"column":6},"end":{"line":202,"column":7}},"type":"if","locations":[{"start":{"line":198,"column":6},"end":{"line":202,"column":7}},{"start":{"line":200,"column":13},"end":{"line":202,"column":7}}],"line":198},"18":{"loc":{"start":{"line":209,"column":4},"end":{"line":213,"column":5}},"type":"if","locations":[{"start":{"line":209,"column":4},"end":{"line":213,"column":5}},{"start":{},"end":{}}],"line":209},"19":{"loc":{"start":{"line":223,"column":4},"end":{"line":223,"column":55}},"type":"if","locations":[{"start":{"line":223,"column":4},"end":{"line":223,"column":55}},{"start":{},"end":{}}],"line":223},"20":{"loc":{"start":{"line":223,"column":8},"end":{"line":223,"column":41}},"type":"binary-expr","locations":[{"start":{"line":223,"column":8},"end":{"line":223,"column":12}},{"start":{"line":223,"column":16},"end":{"line":223,"column":41}}],"line":223},"21":{"loc":{"start":{"line":224,"column":4},"end":{"line":224,"column":79}},"type":"if","locations":[{"start":{"line":224,"column":4},"end":{"line":224,"column":79}},{"start":{},"end":{}}],"line":224},"22":{"loc":{"start":{"line":224,"column":8},"end":{"line":224,"column":65}},"type":"binary-expr","locations":[{"start":{"line":224,"column":8},"end":{"line":224,"column":40}},{"start":{"line":224,"column":44},"end":{"line":224,"column":65}}],"line":224},"23":{"loc":{"start":{"line":236,"column":4},"end":{"line":236,"column":25}},"type":"if","locations":[{"start":{"line":236,"column":4},"end":{"line":236,"column":25}},{"start":{},"end":{}}],"line":236},"24":{"loc":{"start":{"line":239,"column":22},"end":{"line":239,"column":37}},"type":"binary-expr","locations":[{"start":{"line":239,"column":22},"end":{"line":239,"column":31}},{"start":{"line":239,"column":35},"end":{"line":239,"column":37}}],"line":239},"25":{"loc":{"start":{"line":259,"column":4},"end":{"line":259,"column":26}},"type":"if","locations":[{"start":{"line":259,"column":4},"end":{"line":259,"column":26}},{"start":{},"end":{}}],"line":259},"26":{"loc":{"start":{"line":281,"column":4},"end":{"line":283,"column":5}},"type":"if","locations":[{"start":{"line":281,"column":4},"end":{"line":283,"column":5}},{"start":{},"end":{}}],"line":281}},"s":{"0":0,"1":0,"2":0,"3":0,"4":0,"5":0,"6":0,"7":0,"8":0,"9":0,"10":0,"11":0,"12":0,"13":0,"14":0,"15":0,"16":0,"17":0,"18":0,"19":0,"20":0,"21":0,"22":0,"23":0,"24":0,"25":0,"26":0,"27":0,"28":0,"29":0,"30":0,"31":0,"32":0,"33":0,"34":0,"35":0,"36":0,"37":0,"38":0,"39":0,"40":0,"41":0,"42":0,"43":0,"44":0,"45":0,"46":0,"47":0,"48":0,"49":0,"50":0,"51":0,"52":0,"53":0,"54":0,"55":0,"56":0,"57":0,"58":0,"59":0,"60":0,"61":0,"62":0,"63":0,"64":0,"65":0,"66":0,"67":0,"68":0,"69":0,"70":0,"71":0,"72":0,"73":0,"74":0,"75":0,"76":0,"77":0,"78":0,"79":0,"80":0,"81":0,"82":0,"83":0,"84":0,"85":0,"86":0,"87":0,"88":0,"89":0,"90":0,"91":0,"92":0,"93":0,"94":0,"95":0,"96":0,"97":0,"98":0,"99":0,"100":0,"101":0,"102":0,"103":0,"104":0,"105":0,"106":0,"107":0,"108":0,"109":0,"110":0,"111":0,"112":0,"113":0,"114":0,"115":0,"116":0,"117":0,"118":0,"119":0,"120":0,"121":0,"122":0,"123":0,"124":0,"125":0,"126":0,"127":0,"128":0,"129":0,"130":0,"131":0,"132":0,"133":0},"f":{"0":0,"1":0,"2":0,"3":0,"4":0,"5":0,"6":0,"7":0,"8":0,"9":0,"10":0,"11":0,"12":0,"13":0,"14":0,"15":0,"16":0,"17":0,"18":0,"19":0},"b":{"0":[0,0],"1":[0,0],"2":[0,0],"3":[0,0],"4":[0,0],"5":[0,0],"6":[0,0],"7":[0,0],"8":[0,0,0],"9":[0,0],"10":[0,0],"11":[0,0],"12":[0,0],"13":[0,0],"14":[0,0,0],"15":[0,0],"16":[0,0],"17":[0,0],"18":[0,0],"19":[0,0],"20":[0,0],"21":[0,0],"22":[0,0],"23":[0,0],"24":[0,0],"25":[0,0],"26":[0,0]}}
,"/Users/keshava-13944/ZIDE/onezoho/privacyblur/src/selector_utils.js": {"path":"/Users/keshava-13944/ZIDE/onezoho/privacyblur/src/selector_utils.js","statementMap":{"0":{"start":{"line":16,"column":33},"end":{"line":196,"column":4}},"1":{"start":{"line":21,"column":28},"end":{"line":28,"column":3}},"2":{"start":{"line":42,"column":4},"end":{"line":44,"column":5}},"3":{"start":{"line":43,"column":6},"end":{"line":43,"column":31}},"4":{"start":{"line":47,"column":4},"end":{"line":47,"column":54}},"5":{"start":{"line":56,"column":4},"end":{"line":60,"column":5}},"6":{"start":{"line":57,"column":6},"end":{"line":57,"column":62}},"7":{"start":{"line":59,"column":6},"end":{"line":59,"column":19}},"8":{"start":{"line":70,"column":16},"end":{"line":70,"column":45}},"9":{"start":{"line":72,"column":4},"end":{"line":74,"column":5}},"10":{"start":{"line":73,"column":6},"end":{"line":73,"column":17}},"11":{"start":{"line":77,"column":21},"end":{"line":77,"column":63}},"12":{"start":{"line":78,"column":18},"end":{"line":78,"column":47}},"13":{"start":{"line":80,"column":4},"end":{"line":80,"column":40}},"14":{"start":{"line":91,"column":21},"end":{"line":91,"column":23}},"15":{"start":{"line":92,"column":18},"end":{"line":92,"column":25}},"16":{"start":{"line":94,"column":4},"end":{"line":103,"column":5}},"17":{"start":{"line":95,"column":6},"end":{"line":95,"column":49}},"18":{"start":{"line":96,"column":6},"end":{"line":96,"column":38}},"19":{"start":{"line":99,"column":32},"end":{"line":99,"column":52}},"20":{"start":{"line":100,"column":6},"end":{"line":102,"column":7}},"21":{"start":{"line":101,"column":8},"end":{"line":101,"column":33}},"22":{"start":{"line":105,"column":4},"end":{"line":105,"column":32}},"23":{"start":{"line":119,"column":4},"end":{"line":119,"column":63}},"24":{"start":{"line":119,"column":51},"end":{"line":119,"column":63}},"25":{"start":{"line":120,"column":4},"end":{"line":120,"column":87}},"26":{"start":{"line":120,"column":75},"end":{"line":120,"column":87}},"27":{"start":{"line":123,"column":15},"end":{"line":123,"column":41}},"28":{"start":{"line":124,"column":4},"end":{"line":130,"column":5}},"29":{"start":{"line":125,"column":25},"end":{"line":125,"column":51}},"30":{"start":{"line":126,"column":6},"end":{"line":128,"column":7}},"31":{"start":{"line":127,"column":8},"end":{"line":127,"column":26}},"32":{"start":{"line":133,"column":4},"end":{"line":135,"column":5}},"33":{"start":{"line":134,"column":6},"end":{"line":134,"column":42}},"34":{"start":{"line":136,"column":4},"end":{"line":136,"column":52}},"35":{"start":{"line":146,"column":4},"end":{"line":150,"column":5}},"36":{"start":{"line":147,"column":18},"end":{"line":147,"column":36}},"37":{"start":{"line":148,"column":6},"end":{"line":148,"column":34}},"38":{"start":{"line":149,"column":6},"end":{"line":149,"column":50}},"39":{"start":{"line":153,"column":4},"end":{"line":153,"column":80}},"40":{"start":{"line":163,"column":4},"end":{"line":163,"column":63}},"41":{"start":{"line":163,"column":51},"end":{"line":163,"column":63}},"42":{"start":{"line":165,"column":4},"end":{"line":170,"column":5}},"43":{"start":{"line":166,"column":6},"end":{"line":166,"column":46}},"44":{"start":{"line":169,"column":6},"end":{"line":169,"column":18}},"45":{"start":{"line":180,"column":4},"end":{"line":180,"column":45}},"46":{"start":{"line":180,"column":35},"end":{"line":180,"column":45}},"47":{"start":{"line":182,"column":4},"end":{"line":184,"column":35}},"48":{"start":{"line":183,"column":18},"end":{"line":183,"column":36}},"49":{"start":{"line":184,"column":22},"end":{"line":184,"column":33}},"50":{"start":{"line":190,"column":2},"end":{"line":195,"column":4}},"51":{"start":{"line":199,"column":0},"end":{"line":199,"column":59}}},"fnMap":{"0":{"name":"(anonymous_0)","decl":{"start":{"line":16,"column":34},"end":{"line":16,"column":35}},"loc":{"start":{"line":16,"column":40},"end":{"line":196,"column":1}},"line":16},"1":{"name":"cssEscape","decl":{"start":{"line":41,"column":11},"end":{"line":41,"column":20}},"loc":{"start":{"line":41,"column":28},"end":{"line":48,"column":3}},"line":41},"2":{"name":"isUnique","decl":{"start":{"line":55,"column":11},"end":{"line":55,"column":19}},"loc":{"start":{"line":55,"column":30},"end":{"line":61,"column":3}},"line":55},"3":{"name":"nthChildSegment","decl":{"start":{"line":69,"column":11},"end":{"line":69,"column":26}},"loc":{"start":{"line":69,"column":36},"end":{"line":81,"column":3}},"line":69},"4":{"name":"buildNthChildPath","decl":{"start":{"line":90,"column":11},"end":{"line":90,"column":28}},"loc":{"start":{"line":90,"column":38},"end":{"line":106,"column":3}},"line":90},"5":{"name":"getSelector","decl":{"start":{"line":118,"column":11},"end":{"line":118,"column":22}},"loc":{"start":{"line":118,"column":32},"end":{"line":137,"column":3}},"line":118},"6":{"name":"generateId","decl":{"start":{"line":144,"column":11},"end":{"line":144,"column":21}},"loc":{"start":{"line":144,"column":24},"end":{"line":154,"column":3}},"line":144},"7":{"name":"restoreSelector","decl":{"start":{"line":162,"column":11},"end":{"line":162,"column":26}},"loc":{"start":{"line":162,"column":37},"end":{"line":171,"column":3}},"line":162},"8":{"name":"restoreAllSelectors","decl":{"start":{"line":179,"column":11},"end":{"line":179,"column":30}},"loc":{"start":{"line":179,"column":42},"end":{"line":185,"column":3}},"line":179},"9":{"name":"(anonymous_9)","decl":{"start":{"line":183,"column":11},"end":{"line":183,"column":12}},"loc":{"start":{"line":183,"column":18},"end":{"line":183,"column":36}},"line":183},"10":{"name":"(anonymous_10)","decl":{"start":{"line":184,"column":14},"end":{"line":184,"column":15}},"loc":{"start":{"line":184,"column":22},"end":{"line":184,"column":33}},"line":184}},"branchMap":{"0":{"loc":{"start":{"line":42,"column":4},"end":{"line":44,"column":5}},"type":"if","locations":[{"start":{"line":42,"column":4},"end":{"line":44,"column":5}},{"start":{},"end":{}}],"line":42},"1":{"loc":{"start":{"line":42,"column":8},"end":{"line":42,"column":70}},"type":"binary-expr","locations":[{"start":{"line":42,"column":8},"end":{"line":42,"column":34}},{"start":{"line":42,"column":38},"end":{"line":42,"column":70}}],"line":42},"2":{"loc":{"start":{"line":72,"column":4},"end":{"line":74,"column":5}},"type":"if","locations":[{"start":{"line":72,"column":4},"end":{"line":74,"column":5}},{"start":{},"end":{}}],"line":72},"3":{"loc":{"start":{"line":94,"column":11},"end":{"line":94,"column":87}},"type":"binary-expr","locations":[{"start":{"line":94,"column":11},"end":{"line":94,"column":18}},{"start":{"line":94,"column":22},"end":{"line":94,"column":47}},{"start":{"line":94,"column":51},"end":{"line":94,"column":87}}],"line":94},"4":{"loc":{"start":{"line":100,"column":6},"end":{"line":102,"column":7}},"type":"if","locations":[{"start":{"line":100,"column":6},"end":{"line":102,"column":7}},{"start":{},"end":{}}],"line":100},"5":{"loc":{"start":{"line":119,"column":4},"end":{"line":119,"column":63}},"type":"if","locations":[{"start":{"line":119,"column":4},"end":{"line":119,"column":63}},{"start":{},"end":{}}],"line":119},"6":{"loc":{"start":{"line":119,"column":8},"end":{"line":119,"column":49}},"type":"binary-expr","locations":[{"start":{"line":119,"column":8},"end":{"line":119,"column":16}},{"start":{"line":119,"column":20},"end":{"line":119,"column":49}}],"line":119},"7":{"loc":{"start":{"line":120,"column":4},"end":{"line":120,"column":87}},"type":"if","locations":[{"start":{"line":120,"column":4},"end":{"line":120,"column":87}},{"start":{},"end":{}}],"line":120},"8":{"loc":{"start":{"line":120,"column":8},"end":{"line":120,"column":73}},"type":"binary-expr","locations":[{"start":{"line":120,"column":8},"end":{"line":120,"column":33}},{"start":{"line":120,"column":37},"end":{"line
[...]
":{"line":238,"column":10},"end":{"line":238,"column":61}},"65":{"start":{"line":239,"column":10},"end":{"line":239,"column":17}},"66":{"start":{"line":243,"column":8},"end":{"line":243,"column":26}},"67":{"start":{"line":244,"column":8},"end":{"line":244,"column":15}},"68":{"start":{"line":249,"column":4},"end":{"line":249,"column":58}},"69":{"start":{"line":252,"column":4},"end":{"line":252,"column":31}},"70":{"start":{"line":260,"column":4},"end":{"line":263,"column":5}},"71":{"start":{"line":261,"column":6},"end":{"line":261,"column":68}},"72":{"start":{"line":262,"column":6},"end":{"line":262,"column":28}},"73":{"start":{"line":265,"column":4},"end":{"line":265,"column":22}},"74":{"start":{"line":268,"column":4},"end":{"line":274,"column":5}},"75":{"start":{"line":269,"column":6},"end":{"line":271,"column":7}},"76":{"start":{"line":270,"column":8},"end":{"line":270,"column":50}},"77":{"start":{"line":272,"column":6},"end":{"line":272,"column":60}},"78":{"start":{"line":273,"column":6},"end":{"line":273,"column":28}},"79":{"start":{"line":280,"column":2},"end":{"line":287,"column":4}},"80":{"start":{"line":286,"column":26},"end":{"line":286,"column":48}},"81":{"start":{"line":291,"column":0},"end":{"line":291,"column":51}}},"fnMap":{"0":{"name":"(anonymous_0)","decl":{"start":{"line":22,"column":30},"end":{"line":22,"column":31}},"loc":{"start":{"line":22,"column":36},"end":{"line":288,"column":1}},"line":22},"1":{"name":"showToast","decl":{"start":{"line":56,"column":11},"end":{"line":56,"column":20}},"loc":{"start":{"line":56,"column":44},"end":{"line":107,"column":3}},"line":56},"2":{"name":"(anonymous_2)","decl":{"start":{"line":91,"column":35},"end":{"line":91,"column":36}},"loc":{"start":{"line":91,"column":41},"end":{"line":103,"column":5}},"line":91},"3":{"name":"(anonymous_3)","decl":{"start":{"line":95,"column":17},"end":{"line":95,"column":18}},"loc":{"start":{"line":95,"column":23},"end":{"line":102,"column":7}},"line":95},"4":{"name":"resetChordState","decl":{"start":{"line":117,"column":11},"end":{"line":117,"column":26}},"loc":{"start":{"line":117,"column":29},"end":{"line":125,"column":3}},"line":117},"5":{"name":"normaliseKey","decl":{"start":{"line":132,"column":11},"end":{"line":132,"column":23}},"loc":{"start":{"line":132,"column":29},"end":{"line":134,"column":3}},"line":132},"6":{"name":"modifierActive","decl":{"start":{"line":143,"column":11},"end":{"line":143,"column":25}},"loc":{"start":{"line":143,"column":43},"end":{"line":151,"column":3}},"line":143},"7":{"name":"init","decl":{"start":{"line":171,"column":11},"end":{"line":171,"column":15}},"loc":{"start":{"line":171,"column":37},"end":{"line":253,"column":3}},"line":171},"8":{"name":"onKeyDown","decl":{"start":{"line":184,"column":13},"end":{"line":184,"column":22}},"loc":{"start":{"line":184,"column":30},"end":{"line":246,"column":5}},"line":184},"9":{"name":"(anonymous_9)","decl":{"start":{"line":211,"column":36},"end":{"line":211,"column":37}},"loc":{"start":{"line":211,"column":42},"end":{"line":213,"column":9}},"line":211},"10":{"name":"destroy","decl":{"start":{"line":259,"column":11},"end":{"line":259,"column":18}},"loc":{"start":{"line":259,"column":21},"end":{"line":275,"column":3}},"line":259},"11":{"name":"(anonymous_11)","decl":{"start":{"line":286,"column":4},"end":{"line":286,"column":5}},"loc":{"start":{"line":286,"column":24},"end":{"line":286,"column":50}},"line":286}},"branchMap":{"0":{"loc":{"start":{"line":56,"column":27},"end":{"line":56,"column":42}},"type":"default-arg","locations":[{"start":{"line":56,"column":38},"end":{"line":56,"column":42}}],"line":56},"1":{"loc":{"start":{"line":58,"column":4},"end":{"line":61,"column":5}},"type":"if","locations":[{"start":{"line":58,"column":4},"end":{"line":61,"column":5}},{"start":{},"end":{}}],"line":58},"2":{"loc":{"start":{"line":58,"column":8},"end":{"line":58,"column":51}},"type":"binary-expr","locations":[{"start":{"line":58,"column":8},"end":{"line":58,"column":22}},{"start":{"line":58,"column":26},"end":{"line":58,"column":51}}],"line":58},"3":{"loc":{"start":{"line":96,"column":8},"end":{"line":98,"column":9}},"type":"if","locations":[{"start":{"line":96,"column":8},"end":{"line":98,"column":9}},{"start":{},"end":{}}],"line":96},"4":{"loc":{"start":{"line":99,"column":8},"end":{"line":101,"column":9}},"type":"if","locations":[{"start":{"line":99,"column":8},"end":{"line":101,"column":9}},{"start":{},"end":{}}],"line":99},"5":{"loc":{"start":{"line":121,"column":4},"end":{"line":124,"column":5}},"type":"if","locations":[{"start":{"line":121,"column":4},"end":{"line":124,"column":5}},{"start":{},"end":{}}],"line":121},"6":{"loc":{"start":{"line":133,"column":12},"end":{"line":133,"column":21}},"type":"binary-expr","locations":[{"start":{"line":133,"column":12},"end":{"line":133,"column":15}},{"start":{"line":133,"column":19},"end":{"line":133,"column":21}}],"line":133},"7":{"loc":{"start":{"line":144,"column":4},"end":{"line":150,"column":5}},"type":"switch","locations":[{"start":{"line":145,"column":6},"end":{"line":145,"column":77}},{"start":{"line":146,"column":6},"end":{"line":146,"column":78}},{"start":{"line":147,"column":6},"end":{"line":147,"column":78}},{"start":{"line":148,"column":6},"end":{"line":148,"column":77}},{"start":{"line":149,"column":6},"end":{"line":149,"column":33}}],"line":144},"8":{"loc":{"start":{"line":145,"column":27},"end":{"line":145,"column":76}},"type":"binary-expr","locations":[{"start":{"line":145,"column":27},"end":{"line":145,"column":40}},{"start":{"line":145,"column":45},"end":{"line":145,"column":58}},{"start":{"line":145,"column":62},"end":{"line":145,"column":76}}],"line":145},"9":{"loc":{"start":{"line":146,"column":27},"end":{"line":146,"column":77}},"type":"binary-expr","locations":[{"start":{"line":146,"column":27},"end":{"line":146,"column":39}},{"start":{"line":146,"column":45},"end":{"line":146,"column":59}},{"start":{"line":146,"column":63},"end":{"line":146,"column":77}}],"line":146},"10":{"loc":{"start":{"line":147,"column":27},"end":{"line":147,"column":77}},"type":"binary-expr","locations":[{"start":{"line":147,"column":27},"end":{"line":147,"column":41}},{"start":{"line":147,"column":45},"end":{"line":147,"column":59}},{"start":{"line":147,"column":63},"end":{"line":147,"column":77}}],"line":147},"11":{"loc":{"start":{"line":148,"column":27},"end":{"line":148,"column":76}},"type":"binary-expr","locations":[{"start":{"line":148,"column":27},"end":{"line":148,"column":40}},{"start":{"line":148,"column":45},"end":{"line":148,"column":59}},{"start":{"line":148,"column":63},"end":{"line":148,"column":76}}],"line":148},"12":{"loc":{"start":{"line":175,"column":16},"end":{"line":175,"column":30}},"type":"binary-expr","locations":[{"start":{"line":175,"column":16},"end":{"line":175,"column":24}},{"start":{"line":175,"column":28},"end":{"line":175,"column":30}}],"line":175},"13":{"loc":{"start":{"line":176,"column":35},"end":{"line":176,"column":59}},"type":"binary-expr","locations":[{"start":{"line":176,"column":35},"end":{"line":176,"column":47}},{"start":{"line":176,"column":56},"end":{"line":176,"column":59}}],"line":176},"14":{"loc":{"start":{"line":177,"column":35},"end":{"line":177,"column":59}},"type":"binary-expr","locations":[{"start":{"line":177,"column":35},"end":{"line":177,"column":50}},{"start":{"line":177,"column":56},"end":{"line":177,"column":59}}],"line":177},"15":{"loc":{"start":{"line":178,"column":35},"end":{"line":178,"column":62}},"type":"binary-expr","locations":[{"start":{"line":178,"column":35},"end":{"line":178,"column":52}},{"start":{"line":178,"column":56},"end":{"line":178,"column":62}}],"line":178},"16":{"loc":{"start":{"line":188,"column":6},"end":{"line":195,"column":7}},"type":"if","locations":[{"start":{"line":188,"column":6},"end":{"line":195,"column":7}},{"start":{},"end":{}}],"line":188},"17":{"loc":{"start":{"line":190,"column":8},"end":{"line":193,"column":9}},"type":"if","locations":[{"start":{"line":190,"column":8},"end":{"line":193,"column":9}},{"start":{},"end":{}}],"line":190},"18":{"loc":{"start":{"line":190,"column":12},"end":{"line":190,"column":75}},"type":"binary-expr","locations":[{"start":{"line":190,"column":12},"end":{"line":190,"column":27}},{"start":{"line":190,"column":31},"end":{"line":190,"column":75}}],"line":190},"19":{"loc":{"start":{"line":198,"column":6},"end":{"line":216,"column":7}},"type":"if","locations":[{"start":{"line":198,"column":6},"end":{"line":216,"column":7}},{"start":{},"end":{}}],"line":198},"20":{"loc":{"start":{"line":198,"column":10},"end":{"line":198,"column":86}},"type":"binary-expr","locations":[{"start":{"line":198,"column":10},"end":{"line":198,"column":30}},{"start":{"line":198,"column":34},"end":{"line":198,"column":65}},{"start":{"line":198,"column":69},"end":{"line":198,"column":86}}],"line":198},"21":{"loc":{"start":{"line":206,"column":8},"end":{"line":208,"column":9}},"type":"if","locations":[{"start":{"line":206,"column":8},"end":{"line":208,"column":9}},{"start":{},"end":{}}],"line":206},"22":{"loc":{"start":{"line":219,"column":6},"end":{"line":245,"column":7}},"type":"if","locations":[{"start":{"line":219,"column":6},"end":{"line":245,"column":7}},{"start":{},"end":{}}],"line":219},"23":{"loc":{"start":{"line":222,"column":8},"end":{"line":240,"column":9}},"type":"if","locations":[{"start":{"line":222,"column":8},"end":{"line":240,"column":9}},{"start":{},"end":{}}],"line":222},"24":{"loc":{"start":{"line":223,"column":10},"end":{"line":225,"column":78}},"type":"binary-expr","locations":[{"start":{"line":223,"column":10},"end":{"line":223,"column":25}},{"start":{"line":224,"column":10},"end":{"line":224,"column":27}},{"start":{"line":225,"column":10},"end":{"line":225,"column":24}},{"start":{"line":225,"column":28},"end":{"line":225,"column":41}},{"start":{"line":225,"column":45},"end":{"line":225,"column":60}},{"start":{"line":225,"column":64},"end":{"line":225,"column":78}}],"line":223},"25":{"loc":{"start":{"line":234,"column":10},"end":{"line":236,"column":11}},"type":"if","locations":[{"start":{"line":234,"column":10},"end":{"line":236,"column":11}},{"start":{},"end":{}}],"line":234},"26":{"loc":{"start":{"line":260,"column":4},"end":{"line":263,"column":5}},"type":"if","locations":[{"start":{"line":260,"column":4},"end":{"line":263,"column":5}},{"start":{},"end":{}}],"line":260},"27":{"loc":{"start":{"line":268,"column":4},"end":{"line":274,"column":5}},"type":"if","locations":[{"start":{"line":268,"column":4},"end":{"line":274,"column":5}},{"start":{},"end":{}}],"line":268},"28":{"loc":{"start":{"line":268,"column":8},"end":{"line":268,"column":51}},"type":"binary-expr","locations":[{"start":{"line":268,"column":8},"end":{"line":268,"column":22}},{"start":{"line":268,"column":26},"end":{"line":268,"column":51}}],"line":268},"29":{"loc":{"start":{"line":269,"column":6},"end":{"line":271,"column":7}},"type":"if","locations":[{"start":{"line":269,"column":6},"end":{"line":271,"column":7}},{"start":{},"end":{}}],"line":269}},"s":{"0":0,"1":0,"2":0,"3":0,"4":0,"5":0,"6":0,"7":0,"8":0,"9":0,"10":0,"11":0,"12":0,"13":0,"14":0,"15":0,"16":0,"17":0,"18":0,"19":0,"20":0,"21":0,"22":0,"23":0,"24":0,"25":0,"26":0,"27":0,"28":0,"29":0,"30":0,"31":0,"32":0,"33":0,"34":0,"35":0,"36":0,"37":0,"38":0,"39":0,"40":0,"41":0,"42":0,"43":0,"44":0,"45":0,"46":0,"47":0,"48":0,"49":0,"50":0,"51":0,"52":0,"53":0,"54":0,"55":0,"56":0,"57":0,"58":0,"59":0,"60":0,"61":0,"62":0,"63":0,"64":0,"65":0,"66":0,"67":0,"68":0,"69":0,"70":0,"71":0,"72":0,"73":0,"74":0,"75":0,"76":0,"77":0,"78":0,"79":0,"80":0,"81":0},"f":{"0":0,"1":0,"2":0,"3":0,"4":0,"5":0,"6":0,"7":0,"8":0,"9":0,"10":0,"11":0},"b":{"0":[0],"1":[0,0],"2":[0,0],"3":[0,0],"4":[0,0],"5":[0,0],"6":[0,0],"7":[0,0,0,0,0],"8":[0,0,0],"9":[0,0,0],"10":[0,0,0],"11":[0,0,0],"12":[0,0],"13":[0,0],"14":[0,0],"15":[0,0],"16":[0,0],"17":[0,0],"18":[0,0],"19":[0,0],"20":[0,0,0],"21":[0,0],"22":[0,0],"23":[0,0],"24":[0,0,0,0,0,0],"25":[0,0],"26":[0,0],"27":[0,0],"28":[0,0],"29":[0,0]}}
,"/Users/keshava-13944/ZIDE/onezoho/privacyblur/src/storage_manager.js": {"path":"/Users/keshava-13944/ZIDE/onezoho/privacyblur/src/storage_manager.js","statementMap":{"0":{"start":{"line":30,"column":27},"end":{"line":212,"column":4}},"1":{"start":{"line":36,"column":27},"end":{"line":47,"column":3}},"2":{"start":{"line":60,"column":4},"end":{"line":74,"column":7}},"3":{"start":{"line":61,"column":6},"end":{"line":73,"column":7}},"4":{"start":{"line":62,"column":8},"end":{"line":69,"column":11}},"5":{"start":{"line":63,"column":10},"end":{"line":67,"column":11}},"6":{"start":{"line":65,"column":12},"end":{"line":65,"column":64}},"7":{"start":{"line":66,"column":12},"end":{"line":66,"column":19}},"8":{"start":{"line":68,"column":10},"end":{"line":68,"column":28}},"9":{"start":{"line":72,"column":8},"end":{"line":72,"column":20}},"10":{"start":{"line":89,"column":4},"end":{"line":89,"column":39}},"11":{"start":{"line":89,"column":32},"end":{"line":89,"column":39}},"12":{"start":{"line":91,"column":4},"end":{"line":95,"column":7}},"13":{"start":{"line":106,"column":4},"end":{"line":106,"column":39}},"14":{"start":{"line":106,"column":32},"end":{"line":106,"column":39}},"15":{"start":{"line":108,"column":4},"end":{"line":112,"column":7}},"16":{"start":{"line":122,"column":4},"end":{"line":122,"column":29}},"17":{"start":{"line":122,"column":19},"end":{"line":122,"column":29}},"18":{"start":{"line":124,"column":21},"end":{"line":127,"column":6}},"19":{"start":{"line":129,"column":4},"end":{"line":131,"column":11}},"20":{"start":{"line":140,"column":4},"end":{"line":140,"column":26}},"21":{"start":{"line":140,"column":19},"end":{"line":140,"column":26}},"22":{"start":{"line":142,"column":4},"end":{"line":145,"column":7}},"23":{"start":{"line":153,"column":4},"end":{"line":153,"column":38}},"24":{"start":{"line":167,"column":21},"end":{"line":167,"column":57}},"25":{"start":{"line":169,"column":19},"end":{"line":169,"column":75}},"26":{"start":{"line":171,"column":4},"end":{"line":171,"column":55}},"27":{"start":{"line":186,"column":4},"end":{"line":186,"column":72}},"28":{"start":{"line":186,"column":65},"end":{"line":186,"column":72}},"29":{"start":{"line":189,"column":20},"end":{"line":189,"column":39}},"30":{"start":{"line":190,"column":19},"end":{"line":190,"column":62}},"31":{"start":{"line":192,"column":4},"end":{"line":195,"column":7}},"32":{"start":{"line":201,"column":2},"end":{"line":211,"column":4}},"33":{"start":{"line":215,"column":0},"end":{"line":215,"column":47}}},"fnMap":{"0":{"name":"(anonymous_0)","decl":{"start":{"line":30,"column":28},"end":{"line":30,"column":29}},"loc":{"start":{"line":30,"column":34},"end":{"line":212,"column":1}},"line":30},"1":{"name":"send","decl":{"start":{"line":59,"column":11},"end":{"line":59,"column":15}},"loc":{"start":{"line":59,"column":25},"end":{"line":75,"column":3}},"line":59},"2":{"name":"(anonymous_2)","decl":{"start":{"line":60,"column":23},"end":{"line":60,"column":24}},"loc":{"start":{"line":60,"column":44},"end":{"line":74,"column":5}},"line":60},"3":{"name":"(anonymous_3)","decl":{"start":{"line":62,"column":44},"end":{"line":62,"column":45}},"loc":{"start":{"line":62,"column":58},"end":{"line":69,"column":9}},"line":62},"4":{"name":"saveBlurredElement","decl":{"start":{"line":88,"column":17},"end":{"line":88,"column":35}},"loc":{"start":{"line":88,"column":56},"end":{"line":96,"column":3}},"line":88},"5":{"name":"removeBlurredElement","decl":{"start":{"line":105,"column":17},"end":{"line":105,"column":37}},"loc":{"start":{"line":105,"column":58},"end":{"line":113,"column":3}},"line":105},"6":{"name":"getBlurredSelectors","decl":{"start":{"line":121,"column":17},"end":{"line":121,"column":36}},"loc":{"start":{"line":121,"column":47},"end":{"line":132,"column":3}},"line":121},"7":{"name":"clearHost","decl":{"start":{"line":139,"column":17},"end":{"line":139,"column":26}},"loc":{"start":{"line":139,"column":37},"end":{"line":146,"column":3}},"line":139},"8":{"name":"clearAll","decl":{"start":{"line":152,"column":17},"end":{"line":152,"column":25}},"loc":{"start":{"line":152,"column":28},"end":{"line":154,"column":3}},"line":152},"9":{"name":"getSettings","decl":{"start":{"line":166,"column":17},"end":{"line":166,"column":28}},"loc":{"start":{"line":166,"column":31},"end":{"line":172,"column":3}},"line":166},"10":{"name":"saveSettings","decl":{"start":{"line":185,"column":17},"end":{"line":185,"column":29}},"loc":{"start":{"line":185,"column":47},"end":{"line":196,"column":3}},"line":185}},"branchMap":{"0":{"loc":{"start":{"line":63,"column":10},"end":{"line":67,"column":11}},"type":"if","locations":[{"start":{"line":63,"column":10},"end":{"line":67,"column":11}},{"start":{},"end":{}}],"line":63},"1":{"loc":{"start":{"line":89,"column":4},"end":{"line":89,"column":39}},"type":"if","locations":[{"start":{"line":89,"column":4},"end":{"line":89,"column":39}},{"start":{},"end":{}}],"line":89},"2":{"loc":{"start":{"line":89,"column":8},"end":{"line":89,"column":30}},"type":"binary-expr","locations":[{"start":{"line":89,"column":8},"end":{"line":89,"column":17}},{"start":{"line":89,"column":21},"end":{"line":89,"column":30}}],"line":89},"3":{"loc":{"start":{"line":106,"column":4},"end":{"line":106,"column":39}},"type":"if","locations":[{"start":{"line":106,"column":4},"end":{"line":106,"column":39}},{"start":{},"end":{}}],"line":106},"4":{"loc":{"start":{"line":106,"column":8},"end":{"line":106,"column":30}},"type":"binary-expr","locations":[{"start":{"line":106,"column":8},"end":{"line":106,"column":17}},{"start":{"line":106,"column":21},"end":{"line":106,"column":30}}],"line":106},"5":{"loc":{"start":{"line":122,"column":4},"end":{"line":122,"column":29}},"type":"if","locations":[{"start":{"line":122,"column":4},"end":{"line":122,"column":29}},{"start":{},"end":{}}],"line":122},"6":{"loc":{"start":{"line":129,"column":11},"end":{"line":131,"column":10}},"type":"cond-expr","locations":[{"start":{"line":130,"column":8},"end":{"line":130,"column":26}},{"start":{"line":131,"column":8},"end":{"line":131,"column":10}}],"line":129},"7":{"loc":{"start":{"line":129,"column":12},"end":{"line":129,"column":57}},"type":"binary-expr","locations":[{"start":{"line":129,"column":12},"end":{"line":129,"column":20}},{"start":{"line":129,"column":24},"end":{"line":129,"column":57}}],"line":129},"8":{"loc":{"start":{"line":140,"column":4},"end":{"line":140,"column":26}},"type":"if","locations":[{"start":{"line":140,"column":4},"end":{"line":140,"column":26}},{"start":{},"end":{}}],"line":140},"9":{"loc":{"start":{"line":169,"column":19},"end":{"line":169,"column":75}},"type":"cond-expr","locations":[{"start":{"line":169,"column":53},"end":{"line":169,"column":70}},{"start":{"line":169,"column":73},"end":{"line":169,"column":75}}],"line":169},"10":{"loc":{"start":{"line":169,"column":20},"end":{"line":169,"column":49}},"type":"binary-expr","locations":[{"start":{"line":169,"column":20},"end":{"line":169,"column":28}},{"start":{"line":169,"column":32},"end":{"line":169,"column":49}}],"line":169},"11":{"loc":{"start":{"line":186,"column":4},"end":{"line":186,"column":72}},"type":"if","locations":[{"start":{"line":186,"column":4},"end":{"line":186,"column":72}},{"start":{},"end":{}}],"line":186},"12":{"loc":{"start":{"line":186,"column":8},"end":{"line":186,"column":63}},"type":"binary-expr","locations":[{"start":{"line":186,"column":8},"end":{"line":186,"column":24}},{"start":{"line":186,"column":28},"end":{"line":186,"column":63}}],"line":186}},"s":{"0":0,"1":0,"2":0,"3":0,"4":0,"5":0,"6":0,"7":0,"8":0,"9":0,"10":0,"11":0,"12":0,"13":0,"14":0,"15":0,"16":0,"17":0,"18":0,"19":0,"20":0,"21":0,"22":0,"23":0,"24":0,"25":0,"26":0,"27":0,"28":0,"29":0,"30":0,"31":0,"32":0,"33":0},"f":{"0":0,"1":0,"2":0,"3":0,"4":0,"5":0,"6":0,"7":0,"8":0,"9":0,"10":0},"b":{"0":[0,0],"1":[0,0],"2":[0,0],"3":[0,0],"4":[0,0],"5":[0,0],"6":[0,0],"7":[0,0],"8":[0,0],"9":[0,0],"10":[0,0],"11":[0,0],"12":[0,0]}}
}
