TN:
SF:src/blur_engine.js
FN:14,(anonymous_0)
FN:35,hasMeaningfulTextContent
FN:50,wrapTextNodes
FN:89,ensureImgWrapper
FN:112,removeImgWrapper
FN:126,startVideoBlurCanvas
FN:161,drawFrame
FN:195,stopVideoBlurCanvas
FN:217,applyBlur
FN:261,removeBlur
FN:288,(anonymous_10)
FN:303,toggleBlur
FN:319,blurAllContent
FN:332,(anonymous_13)
FN:338,(anonymous_14)
FN:352,unblurAll
FN:354,(anonymous_16)
FN:359,(anonymous_17)
FN:369,(anonymous_18)
FN:374,(anonymous_19)
FN:384,(anonymous_20)
FN:395,isBlurred
FNF:22
FNH:0
FNDA:0,(anonymous_0)
FNDA:0,hasMeaningfulTextContent
FNDA:0,wrapTextNodes
FNDA:0,ensureImgWrapper
FNDA:0,removeImgWrapper
FNDA:0,startVideoBlurCanvas
FNDA:0,drawFrame
FNDA:0,stopVideoBlurCanvas
FNDA:0,applyBlur
FNDA:0,removeBlur
FNDA:0,(anonymous_10)
FNDA:0,toggleBlur
FNDA:0,blurAllContent
FNDA:0,(anonymous_13)
FNDA:0,(anonymous_14)
FNDA:0,unblurAll
FNDA:0,(anonymous_16)
FNDA:0,(anonymous_17)
FNDA:0,(anonymous_18)
FNDA:0,(anonymous_19)
FNDA:0,(anonymous_20)
FNDA:0,isBlurred
DA:14,0
DA:18,0
DA:19,0
DA:20,0
DA:21,0
DA:24,0
DA:36,0
DA:37,0
DA:38,0
DA:41,0
DA:51,0
DA:52,0
DA:54,0
DA:55,0
DA:56,0
DA:60,0
DA:62,0
DA:63,0
DA:66,0
DA:67,0
DA:71,0
DA:72,0
DA:73,0
DA:75,0
DA:76,0
DA:80,0
DA:90,0
DA:91,0
DA:94,0
DA:95,0
DA:98,0
DA:99,0
DA:100,0
DA:102,0
DA:103,0
DA:105,0
DA:113,0
DA:114,0
DA:115,0
DA:116,0
DA:128,0
DA:130,0
DA:131,0
DA:134,0
DA:135,0
DA:136,0
DA:138,0
DA:149,0
DA:150,0
DA:151,0
DA:152,0
DA:155,0
DA:157,0
DA:163,0
DA:167,0
DA:168,0
DA:171,0
DA:174,0
DA:175,0
DA:176,0
DA:180,0
DA:181,0
DA:184,0
DA:187,0
DA:189,0
DA:196,0
DA:197,0
DA:199,0
DA:201,0
DA:202,0
DA:205,0
DA:218,0
DA:219,0
DA:221,0
DA:224,0
DA:225,0
DA:226,0
DA:227,0
DA:228,0
DA:232,0
DA:233,0
DA:234,0
DA:235,0
DA:236,0
DA:240,0
DA:241,0
DA:242,0
DA:243,0
DA:244,0
DA:248,0
DA:249,0
DA:253,0
DA:254,0
DA:262,0
DA:264,0
DA:267,0
DA:268,0
DA:269,0
DA:270,0
DA:271,0
DA:275,0
DA:276,0
DA:277,0
DA:278,0
DA:279,0
DA:283,0
DA:284,0
DA:287,0
DA:288,0
DA:290,0
DA:291,0
DA:292,0
DA:294,0
DA:304,0
DA:306,0
DA:307,0
DA:309,0
DA:321,0
DA:332,0
DA:333,0
DA:338,0
DA:340,0
DA:342,0
DA:343,0
DA:354,0
DA:355,0
DA:359,0
DA:360,0
DA:361,0
DA:362,0
DA:363,0
DA:364,0
DA:369,0
DA:370,0
DA:374,0
DA:375,0
DA:376,0
DA:377,0
DA:378,0
DA:380,0
DA:384,0
DA:385,0
DA:396,0
DA:399,0
DA:402,0
DA:408,0
DA:411,0
DA:417,0
DA:428,0
LF:149
LH:0
BRDA:37,0,0,0
BRDA:37,0,1,0
BRDA:37,1,0,0
BRDA:37,1,1,0
BRDA:55,2,0,0
BRDA:55,2,1,0
BRDA:55,3,0,0
BRDA:55,3,1,0
BRDA:60,4,0,0
BRDA:60,4,1,0
BRDA:75,5,0,0
BRDA:75,5,1,0
BRDA:90,6,0,0
BRDA:90,6,1,0
BRDA:90,7,0,0
BRDA:90,7,1,0
BRDA:100,8,0,0
BRDA:100,8,1,0
BRDA:114,9,0,0
BRDA:114,9,1,0
BRDA:114,10,0,0
BRDA:114,10,1,0
BRDA:135,11,0,0
BRDA:135,11,1,0
BRDA:136,12,0,0
BRDA:136,12,1,0
BRDA:151,13,0,0
BRDA:151,13,1,0
BRDA:163,14,0,0
BRDA:163,14,1,0
BRDA:164,15,0,0
BRDA:164,15,1,0
BRDA:164,15,2,0
BRDA:164,15,3,0
BRDA:197,16,0,0
BRDA:197,16,1,0
BRDA:201,17,0,0
BRDA:201,17,1,0
BRDA:201,18,0,0
BRDA:201,18,1,0
BRDA:217,19,0,0
BRDA:218,20,0,0
BRDA:218,20,1,0
BRDA:218,21,0,0
BRDA:218,21,1,0
BRDA:219,22,0,0
BRDA:219,22,1,0
BRDA:224,23,0,0
BRDA:224,23,1,0
BRDA:232,24,0,0
BRDA:232,24,1,0
BRDA:241,25,0,0
BRDA:241,25,1,0
BRDA:241,26,0,0
BRDA:241,26,1,0
BRDA:241,26,2,0
BRDA:241,26,3,0
BRDA:248,27,0,0
BRDA:248,27,1,0
BRDA:262,28,0,0
BRDA:262,28,1,0
BRDA:262,29,0,0
BRDA:262,29,1,0
BRDA:267,30,0,0
BRDA:267,30,1,0
BRDA:275,31,0,0
BRDA:275,31,1,0
BRDA:303,32,0,0
BRDA:304,33,0,0
BRDA:304,33,1,0
BRDA:304,34,0,0
BRDA:304,34,1,0
BRDA:306,35,0,0
BRDA:306,35,1,0
BRDA:319,36,0,0
BRDA:340,37,0,0
BRDA:340,37,1,0
BRDA:340,38,0,0
BRDA:340,38,1,0
BRDA:342,39,0,0
BRDA:342,39,1,0
BRDA:361,40,0,0
BRDA:361,40,1,0
BRDA:376,41,0,0
BRDA:376,41,1,0
BRDA:385,42,0,0
BRDA:385,42,1,0
BRDA:396,43,0,0
BRDA:396,43,1,0
BRDA:396,44,0,0
BRDA:396,44,1,0
BRDA:399,45,0,0
BRDA:399,45,1,0
BRDA:402,46,0,0
BRDA:402,46,1,0
BRDA:403,47,0,0
BRDA:403,47,1,0
BRDA:403,47,2,0
BRDA:403,47,3,0
BRF:99
BRH:0
end_of_record
TN:
SF:src/content_script.js
FN:17,(anonymous_0)
FN:61,restoreBlurredElements
FN:83,startDomObserver
FN:86,(anonymous_3)
FN:95,(anonymous_4)
FN:110,stopDomObserver
FN:121,(anonymous_6)
FN:125,(anonymous_7)
FN:130,(anonymous_8)
FN:134,(anonymous_9)
FN:139,(anonymous_10)
FN:151,shortcutSettings
FN:163,(anonymous_12)
FN:164,(anonymous_13)
FN:166,(anonymous_14)
FN:179,handleMessage
FN:215,(anonymous_16)
FN:222,(anonymous_17)
FN:255,(anonymous_18)
FN:268,(anonymous_19)
FN:284,applySettingsToDom
FN:301,init
FNF:22
FNH:0
FNDA:0,(anonymous_0)
FNDA:0,restoreBlurredElements
FNDA:0,startDomObserver
FNDA:0,(anonymous_3)
FNDA:0,(anonymous_4)
FNDA:0,stopDomObserver
FNDA:0,(anonymous_6)
FNDA:0,(anonymous_7)
FNDA:0,(anonymous_8)
FNDA:0,(anonymous_9)
FNDA:0,(anonymous_10)
FNDA:0,shortcutSettings
FNDA:0,(anonymous_12)
FNDA:0,(anonymous_13)
FNDA:0,(anonymous_14)
FNDA:0,handleMessage
FNDA:0,(anonymous_16)
FNDA:0,(anonymous_17)
FNDA:0,(anonymous_18)
FNDA:0,(anonymous_19)
FNDA:0,applySettingsToDom
FNDA:0,init
DA:17,0
DA:21,0
DA:34,0
DA:37,0
DA:40,0
DA:43,0
DA:49,0
DA:50,0
DA:51,0
DA:52,0
DA:53,0
DA:62,0
DA:63,0
DA:64,0
DA:66,0
DA:67,0
DA:68,0
DA:69,0
DA:84,0
DA:86,0
DA:88,0
DA:90,0
DA:91,0
DA:92,0
DA:93,0
DA:94,0
DA:95,0
DA:96,0
DA:104,0
DA:111,0
DA:112,0
DA:113,0
DA:119,0
DA:122,0
DA:123,0
DA:124,0
DA:125,0
DA:131,0
DA:132,0
DA:133,0
DA:134,0
DA:140,0
DA:141,0
DA:152,0
DA:153,0
DA:162,0
DA:164,0
DA:167,0
DA:168,0
DA:169,0
DA:180,0
DA:182,0
DA:185,0
DA:186,0
DA:187,0
DA:189,0
DA:190,0
DA:192,0
DA:193,0
DA:198,0
DA:199,0
DA:200,0
DA:201,0
DA:203,0
DA:204,0
DA:205,0
DA:207,0
DA:208,0
DA:213,0
DA:214,0
DA:215,0
DA:216,0
DA:217,0
DA:222,0
DA:223,0
DA:225,0
DA:230,0
DA:231,0
DA:232,0
DA:237,0
DA:238,0
DA:239,0
DA:240,0
DA:241,0
DA:242,0
DA:245,0
DA:246,0
DA:251,0
DA:252,0
DA:253,0
DA:254,0
DA:255,0
DA:258,0
DA:259,0
DA:264,0
DA:265,0
DA:266,0
DA:267,0
DA:268,0
DA:271,0
DA:272,0
DA:276,0
DA:279,0
DA:285,0
DA:289,0
DA:293,0
DA:303,0
DA:304,0
DA:305,0
DA:306,0
DA:307,0
DA:310,0
DA:311,0
DA:312,0
DA:313,0
DA:320,0
DA:323,0
DA:326,0
DA:329,0
DA:332,0
DA:337,0
DA:338,0
DA:340,0
LF:123
LH:0
BRDA:64,0,0,0
BRDA:64,0,1,0
BRDA:64,1,0,0
BRDA:64,1,1,0
BRDA:68,2,0,0
BRDA:68,2,1,0
BRDA:84,3,0,0
BRDA:84,3,1,0
BRDA:88,4,0,0
BRDA:88,4,1,0
BRDA:90,5,0,0
BRDA:90,5,1,0
BRDA:93,6,0,0
BRDA:93,6,1,0
BRDA:111,7,0,0
BRDA:111,7,1,0
BRDA:124,8,0,0
BRDA:124,8,1,0
BRDA:133,9,0,0
BRDA:133,9,1,0
BRDA:152,10,0,0
BRDA:152,10,1,0
BRDA:154,11,0,0
BRDA:154,11,1,0
BRDA:155,12,0,0
BRDA:155,12,1,0
BRDA:156,13,0,0
BRDA:156,13,1,0
BRDA:167,14,0,0
BRDA:167,14,1,0
BRDA:182,15,0,0
BRDA:182,15,1,0
BRDA:182,15,2,0
BRDA:182,15,3,0
BRDA:182,15,4,0
BRDA:182,15,5,0
BRDA:182,15,6,0
BRDA:182,15,7,0
BRDA:182,15,8,0
BRDA:185,16,0,0
BRDA:185,16,1,0
BRDA:192,17,0,0
BRDA:192,17,1,0
BRDA:198,18,0,0
BRDA:198,18,1,0
BRDA:207,19,0,0
BRDA:207,19,1,0
BRDA:216,20,0,0
BRDA:216,20,1,0
BRDA:223,21,0,0
BRDA:223,21,1,0
BRDA:231,22,0,0
BRDA:231,22,1,0
BRDA:237,23,0,0
BRDA:237,23,1,0
BRDA:241,24,0,0
BRDA:241,24,1,0
BRDA:245,25,0,0
BRDA:245,25,1,0
BRDA:251,26,0,0
BRDA:251,26,1,0
BRDA:253,27,0,0
BRDA:253,27,1,0
BRDA:258,28,0,0
BRDA:258,28,1,0
BRDA:264,29,0,0
BRDA:264,29,1,0
BRDA:266,30,0,0
BRDA:266,30,1,0
BRDA:271,31,0,0
BRDA:271,31,1,0
BRDA:291,32,0,0
BRDA:291,32,1,0
BRDA:295,33,0,0
BRDA:295,33,1,0
BRDA:312,34,0,0
BRDA:312,34,1,0
BRDA:337,35,0,0
BRDA:337,35,1,0
BRF:79
BRH:0
end_of_record
TN:
SF:src/picker.js
FN:16,(anonymous_0)
FN:45,flashElementIndicator
FN:71,(anonymous_2)
FN:86,buildToolbar
FN:95,(anonymous_4)
FN:96,(anonymous_5)
FN:97,(anonymous_6)
FN:113,(anonymous_7)
FN:123,(anonymous_8)
FN:137,removeToolbar
FN:145,clearAllFromPicker
FN:158,onMouseOver
FN:169,onMouseOut
FN:179,onClick
FN:208,onKeyDown
FN:222,resolveTarget
FN:235,activate
FN:258,deactivate
FN:293,setSettings
FN:300,(anonymous_19)
FNF:20
FNH:0
FNDA:0,(anonymous_0)
FNDA:0,flashElementIndicator
FNDA:0,(anonymous_2)
FNDA:0,buildToolbar
FNDA:0,(anonymous_4)
FNDA:0,(anonymous_5)
FNDA:0,(anonymous_6)
FNDA:0,(anonymous_7)
FNDA:0,(anonymous_8)
FNDA:0,removeToolbar
FNDA:0,clearAllFromPicker
FNDA:0,onMouseOver
FNDA:0,onMouseOut
FNDA:0,onClick
FNDA:0,onKeyDown
FNDA:0,resolveTarget
FNDA:0,activate
FNDA:0,deactivate
FNDA:0,setSettings
FNDA:0,(anonymous_19)
DA:16,0
DA:20,0
DA:23,0
DA:26,0
DA:29,0
DA:35,0
DA:39,0
DA:40,0
DA:46,0
DA:47,0
DA:48,0
DA:64,0
DA:65,0
DA:66,0
DA:67,0
DA:70,0
DA:71,0
DA:72,0
DA:73,0
DA:74,0
DA:87,0
DA:89,0
DA:90,0
DA:91,0
DA:92,0
DA:95,0
DA:96,0
DA:97,0
DA:100,0
DA:101,0
DA:102,0
DA:106,0
DA:107,0
DA:109,0
DA:110,0
DA:111,0
DA:112,0
DA:113,0
DA:114,0
DA:115,0
DA:118,0
DA:119,0
DA:120,0
DA:121,0
DA:122,0
DA:123,0
DA:124,0
DA:125,0
DA:128,0
DA:129,0
DA:131,0
DA:132,0
DA:134,0
DA:138,0
DA:139,0
DA:140,0
DA:146,0
DA:147,0
DA:148,0
DA:150,0
DA:153,0
DA:159,0
DA:160,0
DA:162,0
DA:163,0
DA:165,0
DA:166,0
DA:170,0
DA:171,0
DA:172,0
DA:174,0
DA:175,0
DA:180,0
DA:181,0
DA:183,0
DA:184,0
DA:185,0
DA:187,0
DA:189,0
DA:190,0
DA:191,0
DA:193,0
DA:195,0
DA:196,0
DA:198,0
DA:199,0
DA:201,0
DA:203,0
DA:204,0
DA:209,0
DA:210,0
DA:211,0
DA:212,0
DA:223,0
DA:224,0
DA:225,0
DA:236,0
DA:238,0
DA:239,0
DA:240,0
DA:243,0
DA:246,0
DA:249,0
DA:250,0
DA:251,0
DA:252,0
DA:259,0
DA:261,0
DA:264,0
DA:265,0
DA:266,0
DA:267,0
DA:270,0
DA:271,0
DA:272,0
DA:274,0
DA:277,0
DA:278,0
DA:281,0
DA:282,0
DA:285,0
DA:294,0
DA:299,0
DA:300,0
LF:124
LH:0
BRDA:66,0,0,0
BRDA:66,0,1,0
BRDA:66,1,0,0
BRDA:66,1,1,0
BRDA:73,2,0,0
BRDA:73,2,1,0
BRDA:73,3,0,0
BRDA:73,3,1,0
BRDA:87,4,0,0
BRDA:87,4,1,0
BRDA:138,5,0,0
BRDA:138,5,1,0
BRDA:147,6,0,0
BRDA:147,6,1,0
BRDA:160,7,0,0
BRDA:160,7,1,0
BRDA:160,8,0,0
BRDA:160,8,1,0
BRDA:160,8,2,0
BRDA:162,9,0,0
BRDA:162,9,1,0
BRDA:162,10,0,0
BRDA:162,10,1,0
BRDA:171,11,0,0
BRDA:171,11,1,0
BRDA:174,12,0,0
BRDA:174,12,1,0
BRDA:181,13,0,0
BRDA:181,13,1,0
BRDA:181,14,0,0
BRDA:181,14,1,0
BRDA:181,14,2,0
BRDA:189,15,0,0
BRDA:189,15,1,0
BRDA:190,16,0,0
BRDA:190,16,1,0
BRDA:198,17,0,0
BRDA:198,17,1,0
BRDA:209,18,0,0
BRDA:209,18,1,0
BRDA:223,19,0,0
BRDA:223,19,1,0
BRDA:223,20,0,0
BRDA:223,20,1,0
BRDA:224,21,0,0
BRDA:224,21,1,0
BRDA:224,22,0,0
BRDA:224,22,1,0
BRDA:236,23,0,0
BRDA:236,23,1,0
BRDA:239,24,0,0
BRDA:239,24,1,0
BRDA:259,25,0,0
BRDA:259,25,1,0
BRDA:281,26,0,0
BRDA:281,26,1,0
BRF:56
BRH:0
end_of_record
TN:
SF:src/selector_utils.js
FN:16,(anonymous_0)
FN:41,cssEscape
FN:55,isUnique
FN:69,nthChildSegment
FN:90,buildNthChildPath
FN:118,getSelector
FN:144,generateId
FN:162,restoreSelector
FN:179,restoreAllSelectors
FN:183,(anonymous_9)
FN:184,(anonymous_10)
FNF:11
FNH:0
FNDA:0,(anonymous_0)
FNDA:0,cssEscape
FNDA:0,isUnique
FNDA:0,nthChildSegment
FNDA:0,buildNthChildPath
FNDA:0,getSelector
FNDA:0,generateId
FNDA:0,restoreSelector
FNDA:0,restoreAllSelectors
FNDA:0,(anonymous_9)
FNDA:0,(anonymous_10)
DA:16,0
DA:21,0
DA:42,0
DA:43,0
DA:47,0
DA:56,0
DA:57,0
DA:59,0
DA:70,0
DA:72,0
DA:73,0
DA:77,0
DA:78,0
DA:80,0
DA:91,0
DA:92,0
DA:94,0
DA:95,0
DA:96,0
DA:99,0
DA:100,0
DA:101,0
DA:105,0
DA:119,0
DA:120,0
DA:123,0
DA:124,0
DA:125,0
DA:126,0
DA:127,0
DA:133,0
DA:134,0
DA:136,0
DA:146,0
DA:147,0
DA:148,0
DA:149,0
DA:153,0
DA:163,0
DA:165,0
DA:166,0
DA:169,0
DA:180,0
DA:182,0
DA:183,0
DA:184,0
DA:190,0
DA:199,0
LF:48
LH:0
BRDA:42,0,0,0
BRDA:42,0,1,0
BRDA:42,1,0,0
BRDA:42,1,1,0
BRDA:72,2,0,0
BRDA:72,2,1,0
BRDA:94,3,0,0
BRDA:94,3,1,0
BRDA:94,3,2,0
BRDA:100,4,0,0
BRDA:100,4,1,0
BRDA:119,5,0,0
BRDA:119,5,1,0
BRDA:119,6,0,0
BRDA:119,6,1,0
BRDA:120,7,0,0
BRDA:120,7,1,0
BRDA:120,8,0,0
BRDA:120,8,1,0
BRDA:124,9,0,0
BRDA:124,9,1,0
BRDA:124,10,0,0
BRDA:124,10,1,0
BRDA:126,11,0,0
BRDA:126,11,1,0
BRDA:133,12,0,0
BRDA:133,12,1,0
BRDA:146,13,0,0
BRDA:146,13,1,0
BRDA:146,14,0,0
BRDA:146,14,1,0
BRDA:163,15,0,0
BRDA:163,15,1,0
BRDA:163,16,0,0
BRDA:163,16,1,0
BRDA:180,17,0,0
BRDA:180,17,1,0
BRF:37
BRH:0
end_of_record
TN:
SF:src/shortcut_handler.js
FN:22,(anonymous_0)
FN:56,showToast
FN:91,(anonymous_2)
FN:95,(anonymous_3)
FN:117,resetChordState
FN:132,normaliseKey
FN:143,modifierActive
FN:171,init
FN:184,onKeyDown
FN:211,(anonymous_9)
FN:259,destroy
FN:286,(anonymous_11)
FNF:12
FNH:0
FNDA:0,(anonymous_0)
FNDA:0,showToast
FNDA:0,(anonymous_2)
FNDA:0,(anonymous_3)
FNDA:0,resetChordState
FNDA:0,normaliseKey
FNDA:0,modifierActive
FNDA:0,init
FNDA:0,onKeyDown
FNDA:0,(anonymous_9)
FNDA:0,destroy
FNDA:0,(anonymous_11)
DA:22,0
DA:29,0
DA:32,0
DA:35,0
DA:38,0
DA:41,0
DA:44,0
DA:58,0
DA:59,0
DA:60,0
DA:63,0
DA:64,0
DA:65,0
DA:67,0
DA:86,0
DA:87,0
DA:88,0
DA:91,0
DA:92,0
DA:95,0
DA:96,0
DA:97,0
DA:99,0
DA:100,0
DA:106,0
DA:118,0
DA:119,0
DA:121,0
DA:122,0
DA:123,0
DA:133,0
DA:144,0
DA:145,0
DA:146,0
DA:147,0
DA:148,0
DA:149,0
DA:173,0
DA:175,0
DA:176,0
DA:177,0
DA:178,0
DA:185,0
DA:188,0
DA:189,0
DA:190,0
DA:191,0
DA:192,0
DA:194,0
DA:198,0
DA:200,0
DA:202,0
DA:203,0
DA:206,0
DA:207,0
DA:211,0
DA:212,0
DA:215,0
DA:219,0
DA:220,0
DA:222,0
DA:232,0
DA:234,0
DA:235,0
DA:238,0
DA:239,0
DA:243,0
DA:244,0
DA:249,0
DA:252,0
DA:260,0
DA:261,0
DA:262,0
DA:265,0
DA:268,0
DA:269,0
DA:270,0
DA:272,0
DA:273,0
DA:280,0
DA:286,0
DA:291,0
LF:82
LH:0
BRDA:56,0,0,0
BRDA:58,1,0,0
BRDA:58,1,1,0
BRDA:58,2,0,0
BRDA:58,2,1,0
BRDA:96,3,0,0
BRDA:96,3,1,0
BRDA:99,4,0,0
BRDA:99,4,1,0
BRDA:121,5,0,0
BRDA:121,5,1,0
BRDA:133,6,0,0
BRDA:133,6,1,0
BRDA:144,7,0,0
BRDA:144,7,1,0
BRDA:144,7,2,0
BRDA:144,7,3,0
BRDA:144,7,4,0
BRDA:145,8,0,0
BRDA:145,8,1,0
BRDA:145,8,2,0
BRDA:146,9,0,0
BRDA:146,9,1,0
BRDA:146,9,2,0
BRDA:147,10,0,0
BRDA:147,10,1,0
BRDA:147,10,2,0
BRDA:148,11,0,0
BRDA:148,11,1,0
BRDA:148,11,2,0
BRDA:175,12,0,0
BRDA:175,12,1,0
BRDA:176,13,0,0
BRDA:176,13,1,0
BRDA:177,14,0,0
BRDA:177,14,1,0
BRDA:178,15,0,0
BRDA:178,15,1,0
BRDA:188,16,0,0
BRDA:188,16,1,0
BRDA:190,17,0,0
BRDA:190,17,1,0
BRDA:190,18,0,0
BRDA:190,18,1,0
BRDA:198,19,0,0
BRDA:198,19,1,0
BRDA:198,20,0,0
BRDA:198,20,1,0
BRDA:198,20,2,0
BRDA:206,21,0,0
BRDA:206,21,1,0
BRDA:219,22,0,0
BRDA:219,22,1,0
BRDA:222,23,0,0
BRDA:222,23,1,0
BRDA:223,24,0,0
BRDA:223,24,1,0
BRDA:223,24,2,0
BRDA:223,24,3,0
BRDA:223,24,4,0
BRDA:223,24,5,0
BRDA:234,25,0,0
BRDA:234,25,1,0
BRDA:260,26,0,0
BRDA:260,26,1,0
BRDA:268,27,0,0
BRDA:268,27,1,0
BRDA:268,28,0,0
BRDA:268,28,1,0
BRDA:269,29,0,0
BRDA:269,29,1,0
BRF:71
BRH:0
end_of_record
TN:
SF:src/storage_manager.js
FN:30,(anonymous_0)
FN:59,send
FN:60,(anonymous_2)
FN:62,(anonymous_3)
FN:88,saveBlurredElement
FN:105,removeBlurredElement
FN:121,getBlurredSelectors
FN:139,clearHost
FN:152,clearAll
FN:166,getSettings
FN:185,saveSettings
FNF:11
FNH:0
FNDA:0,(anonymous_0)
FNDA:0,send
FNDA:0,(anonymous_2)
FNDA:0,(anonymous_3)
FNDA:0,saveBlurredElement
FNDA:0,removeBlurredElement
FNDA:0,getBlurredSelectors
FNDA:0,clearHost
FNDA:0,clearAll
FNDA:0,getSettings
FNDA:0,saveSettings
DA:30,0
DA:36,0
DA:60,0
DA:61,0
DA:62,0
DA:63,0
DA:65,0
DA:66,0
DA:68,0
DA:72,0
DA:89,0
DA:91,0
DA:106,0
DA:108,0
DA:122,0
DA:124,0
DA:129,0
DA:140,0
DA:142,0
DA:153,0
DA:167,0
DA:169,0
DA:171,0
DA:186,0
DA:189,0
DA:190,0
DA:192,0
DA:201,0
DA:215,0
LF:29
LH:0
BRDA:63,0,0,0
BRDA:63,0,1,0
BRDA:89,1,0,0
BRDA:89,1,1,0
BRDA:89,2,0,0
BRDA:89,2,1,0
BRDA:106,3,0,0
BRDA:106,3,1,0
BRDA:106,4,0,0
BRDA:106,4,1,0
BRDA:122,5,0,0
BRDA:122,5,1,0
BRDA:129,6,0,0
BRDA:129,6,1,0
BRDA:129,7,0,0
BRDA:129,7,1,0
BRDA:140,8,0,0
BRDA:140,8,1,0
BRDA:169,9,0,0
BRDA:169,9,1,0
BRDA:169,10,0,0
BRDA:169,10,1,0
BRDA:186,11,0,0
BRDA:186,11,1,0
BRDA:186,12,0,0
BRDA:186,12,1,0
BRF:26
BRH:0
end_of_record
